#
# A fatal error has been detected by the Java Runtime Environment:
#
#  EXCEPTION_ACCESS_VIOLATION (0xc0000005) at pc=0x00007ff979ff3949, pid=8060, tid=2280
#
# JRE version: Java(TM) SE Runtime Environment 18.9 (11.0.7+8) (build 11.0.7+8-LTS)
# Java VM: Java HotSpot(TM) 64-Bit Server VM 18.9 (11.0.7+8-LTS, mixed mode, tiered, compressed oops, g1 gc, windows-amd64)
# Problematic frame:
# V  [jvm.dll+0x6f3949]
#
# No core dump will be written. Minidumps are not enabled by default on client versions of Windows
#
# If you would like to submit a bug report, please visit:
#   https://bugreport.java.com/bugreport/crash.jsp
#

---------------  S U M M A R Y ------------

Command Line: -Dcom.sun.management.jmxremote -Dcom.sun.management.jmxremote.port=62150 -Dcom.sun.management.jmxremote.authenticate=false -Dcom.sun.management.jmxremote.ssl=false -Djava.rmi.server.hostname=localhost -Dspring.jmx.enabled=true -Dspring.application.admin.enabled=true -Xverify:none -XX:TieredStopAtLevel=1 -Dspring.boot.project.name=Loja -Dfile.encoding=UTF-8 com.josevitor.loja.LojaApplication --spring.output.ansi.enabled=always

Host: Intel(R) Core(TM) i5-3337U CPU @ 1.80GHz, 4 cores, 5G,  Windows 10 , 64 bit Build 18362 (10.0.18362.900)
Time: Sun Jun 21 20:32:23 2020 Hora oficial do Brasil elapsed time: 4 seconds (0d 0h 0m 4s)

---------------  T H R E A D  ---------------

Current thread (0x00000239396ea000):  WatcherThread [stack: 0x0000007067e00000,0x0000007067f00000] [id=2280]

Stack: [0x0000007067e00000,0x0000007067f00000],  sp=0x0000007067eff350,  free space=1020k
Native frames: (J=compiled Java code, j=interpreted, Vv=VM code, C=native code)
V  [jvm.dll+0x6f3949]
V  [jvm.dll+0x73fc7d]
V  [jvm.dll+0x765fe9]
V  [jvm.dll+0x75e875]
V  [jvm.dll+0x660b26]
C  [ucrtbase.dll+0x20e82]
C  [KERNEL32.DLL+0x17bd4]
C  [ntdll.dll+0x6ce51]


siginfo: EXCEPTION_ACCESS_VIOLATION (0xc0000005), reading address 0x0000000c0000000b


Register to memory mapping:

RIP=0x00007ff979ff3949 jvm.dll
RAX=0x00000239396dd3d0 points into unknown readable memory: 0b 00 00 00 0c 00 00 00
RBX=0x0 is NULL
RCX=0x0000000c0000000b is an unknown value
RDX=0x0000000000000032 is an unknown value
RSP=0x0000007067eff350 points into unknown readable memory: 00 a0 6e 39 39 02 00 00
RBP=0x0000000000000002 is an unknown value
RSI=0x00000239396dd520 points into unknown readable memory: d0 33 71 39 39 02 00 00
RDI=0x0 is NULL
R8 =0x0 is NULL
R9 =0x0000023923070b80 is at begin+0 in a stub
StubRoutines::atomic_cmpxchg_long [0x0000023923070b80, 0x0000023923070b89[ (9 bytes)
R10=0x00000000546c6148 is an unknown value
R11=0x0000005842612523 is an unknown value
R12=0x0 is NULL
R13=0x00000239396ea000 points into unknown readable memory: 18 92 20 7a f9 7f 00 00
R14=0x0000000000000032 is an unknown value
R15=0x0000023939577430 points into unknown readable memory: 00 00 00 00 00 00 00 00


Registers:
RAX=0x00000239396dd3d0, RBX=0x0000000000000000, RCX=0x0000000c0000000b, RDX=0x0000000000000032
RSP=0x0000007067eff350, RBP=0x0000000000000002, RSI=0x00000239396dd520, RDI=0x0000000000000000
R8 =0x0000000000000000, R9 =0x0000023923070b80, R10=0x00000000546c6148, R11=0x0000005842612523
R12=0x0000000000000000, R13=0x00000239396ea000, R14=0x0000000000000032, R15=0x0000023939577430
RIP=0x00007ff979ff3949, EFLAGS=0x0000000000010202

Top of Stack: (sp=0x0000007067eff350)
0x0000007067eff350:   00000239396ea000 00000239396ea000
0x0000007067eff360:   000096eed824c8c8 00007ff979f342d9
0x0000007067eff370:   00007ff97a3aabc8 00007ff97a03fc7d
0x0000007067eff380:   0000000000000001 000002391ac7bc10
0x0000007067eff390:   000002391ac7bc10 431bde82d7b634db
0x0000007067eff3a0:   0000023939577430 000096eed824c8c8
0x0000007067eff3b0:   000002391ac7bc10 00007ff97a065fe9
0x0000007067eff3c0:   0000000000000001 0000000000000032
0x0000007067eff3d0:   0000000000000032 0000000000000002
0x0000007067eff3e0:   0000000000000000 0000000000000000
0x0000007067eff3f0:   0000000000000000 0000000000000000
0x0000007067eff400:   0000000000000000 0000000000000000
0x0000007067eff410:   0000000000000000 0000000000000000
0x0000007067eff420:   00000239396ea000 0000000000000000
0x0000007067eff430:   0000000000100000 0000007067eff800
0x0000007067eff440:   0000007067e00000 00007ff97a05e875 

Instructions: (pc=0x00007ff979ff3949)
0x00007ff979ff3929:   20 48 8b 35 67 23 3b 00 33 db 48 8b 06 39 18 7e
0x00007ff979ff3939:   27 48 89 7c 24 30 8b fb 48 8b 40 18 48 8b 0c 07
0x00007ff979ff3949:   48 8b 01 ff 50 08 48 8b 06 48 8d 7f 08 ff c3 3b
0x00007ff979ff3959:   18 7c e5 48 8b 7c 24 30 48 8b 5c 24 38 48 83 c4 


Stack slot to memory mapping:
stack at sp + 0 slots: 0x00000239396ea000 points into unknown readable memory: 18 92 20 7a f9 7f 00 00
stack at sp + 1 slots: 0x00000239396ea000 points into unknown readable memory: 18 92 20 7a f9 7f 00 00
stack at sp + 2 slots: 0x000096eed824c8c8 is an unknown value
stack at sp + 3 slots: 0x00007ff979f342d9 jvm.dll
stack at sp + 4 slots: 0x00007ff97a3aabc8 jvm.dll
stack at sp + 5 slots: 0x00007ff97a03fc7d jvm.dll
stack at sp + 6 slots: 0x0000000000000001 is an unknown value
stack at sp + 7 slots: 0x000002391ac7bc10 points into unknown readable memory: 01 00 00 00 00 00 00 00


---------------  P R O C E S S  ---------------

Threads class SMR info:
_java_thread_list=0x00000239397130a0, length=12, elements={
0x000002391ac7f000, 0x0000023937d92800, 0x0000023937d9b800, 0x0000023938732800,
0x0000023938733000, 0x0000023937dad000, 0x0000023937dc0000, 0x0000023937dbf800,
0x0000023937dbe800, 0x0000023937dc1000, 0x0000023937dbb000, 0x0000023937dc2000
}

Java Threads: ( => current thread )
  0x000002391ac7f000 JavaThread "main" [_thread_blocked, id=13048, stack(0x0000007066b00000,0x0000007066c00000)]
  0x0000023937d92800 JavaThread "Reference Handler" daemon [_thread_blocked, id=13764, stack(0x0000007067200000,0x0000007067300000)]
  0x0000023937d9b800 JavaThread "Finalizer" daemon [_thread_blocked, id=4044, stack(0x0000007067300000,0x0000007067400000)]
  0x0000023938732800 JavaThread "Signal Dispatcher" daemon [_thread_blocked, id=13436, stack(0x0000007067400000,0x0000007067500000)]
  0x0000023938733000 JavaThread "Attach Listener" daemon [_thread_blocked, id=14060, stack(0x0000007067500000,0x0000007067600000)]
  0x0000023937dad000 JavaThread "C1 CompilerThread0" daemon [_thread_in_vm, id=5348, stack(0x0000007067600000,0x0000007067700000)]
  0x0000023937dc0000 JavaThread "Sweeper thread" daemon [_thread_blocked, id=11624, stack(0x0000007067700000,0x0000007067800000)]
  0x0000023937dbf800 JavaThread "Common-Cleaner" daemon [_thread_blocked, id=13576, stack(0x0000007067800000,0x0000007067900000)]
  0x0000023937dbe800 JavaThread "Service Thread" daemon [_thread_blocked, id=6964, stack(0x0000007067900000,0x0000007067a00000)]
  0x0000023937dc1000 JavaThread "RMI TCP Accept-0" daemon [_thread_in_native, id=5908, stack(0x0000007067b00000,0x0000007067c00000)]
  0x0000023937dbb000 JavaThread "RMI TCP Accept-62150" daemon [_thread_in_native, id=11336, stack(0x0000007067c00000,0x0000007067d00000)]
  0x0000023937dc2000 JavaThread "RMI TCP Accept-0" daemon [_thread_in_native, id=9844, stack(0x0000007067d00000,0x0000007067e00000)]

Other Threads:
  0x0000023937d69000 VMThread "VM Thread" [stack: 0x0000007067100000,0x0000007067200000] [id=10440]
=>0x00000239396ea000 WatcherThread [stack: 0x0000007067e00000,0x0000007067f00000] [id=2280]
  0x000002391ac96800 GCTaskThread "GC Thread#0" [stack: 0x0000007066c00000,0x0000007066d00000] [id=11160]
  0x0000023939273800 GCTaskThread "GC Thread#1" [stack: 0x0000007067a00000,0x0000007067b00000] [id=11144]
  0x000002391acbc000 ConcurrentGCThread "G1 Main Marker" [stack: 0x0000007066d00000,0x0000007066e00000] [id=5132]
  0x000002391acbf000 ConcurrentGCThread "G1 Conc#0" [stack: 0x0000007066e00000,0x0000007066f00000] [id=13500]
  0x000002391ad31800 ConcurrentGCThread "G1 Refine#0" [stack: 0x0000007066f00000,0x0000007067000000] [id=9660]
  0x000002391ad34800 ConcurrentGCThread "G1 Young RemSet Sampling" [stack: 0x0000007067000000,0x0000007067100000] [id=11420]

Threads with active compile tasks:
C1 CompilerThread01073       1       java.nio.DirectIntBufferU::ix (10 bytes)

VM state:synchronizing (normal execution)

VM Mutex/Monitor currently owned by a thread:  ([mutex/lock_event])
[0x000002391ac7abc0] Threads_lock - owner thread: 0x0000023937d69000
[0x000002391ac7a860] Compile_lock - owner thread: 0x000002391ac7f000
[0x000002391ac7bc10] PeriodicTask_lock - owner thread: 0x00000239396ea000

Heap address: 0x00000000a1800000, size: 1512 MB, Compressed Oops mode: 32-bit
Narrow klass base: 0x0000000000000000, Narrow klass shift: 3
Compressed class space size: 1073741824 Address: 0x0000000100000000

Heap:
 garbage-first heap   total 98304K, used 27601K [0x00000000a1800000, 0x0000000100000000)
  region size 1024K, 13 young (13312K), 1 survivors (1024K)
 Metaspace       used 13764K, capacity 14157K, committed 14464K, reserved 1062912K
  class space    used 1426K, capacity 1574K, committed 1664K, reserved 1048576K
Heap Regions: E=young(eden), S=young(survivor), O=old, HS=humongous(starts), HC=humongous(continues), CS=collection set, F=free, A=archive, TAMS=top-at-mark-start (previous, next)
|   0|0x00000000a1800000, 0x00000000a1900000, 0x00000000a1900000|100%|HS|  |TAMS 0x00000000a1800000, 0x00000000a1800000| Complete 
|   1|0x00000000a1900000, 0x00000000a1a00000, 0x00000000a1a00000|100%| O|  |TAMS 0x00000000a1900000, 0x00000000a1900000| Untracked 
|   2|0x00000000a1a00000, 0x00000000a1b00000, 0x00000000a1b00000|100%| O|  |TAMS 0x00000000a1a00000, 0x00000000a1a00000| Untracked 
|   3|0x00000000a1b00000, 0x00000000a1c00000, 0x00000000a1c00000|100%| O|  |TAMS 0x00000000a1b00000, 0x00000000a1b00000| Untracked 
|   4|0x00000000a1c00000, 0x00000000a1d00000, 0x00000000a1d00000|100%| O|  |TAMS 0x00000000a1c00000, 0x00000000a1c00000| Untracked 
|   5|0x00000000a1d00000, 0x00000000a1e00000, 0x00000000a1e00000|100%| O|  |TAMS 0x00000000a1d00000, 0x00000000a1d00000| Untracked 
|   6|0x00000000a1e00000, 0x00000000a1f00000, 0x00000000a1f00000|100%| O|  |TAMS 0x00000000a1e00000, 0x00000000a1e00000| Untracked 
|   7|0x00000000a1f00000, 0x00000000a2000000, 0x00000000a2000000|100%| O|  |TAMS 0x00000000a1f00000, 0x00000000a1f00000| Untracked 
|   8|0x00000000a2000000, 0x00000000a2100000, 0x00000000a2100000|100%| O|  |TAMS 0x00000000a2000000, 0x00000000a2000000| Untracked 
|   9|0x00000000a2100000, 0x00000000a2200000, 0x00000000a2200000|100%| O|  |TAMS 0x00000000a2100000, 0x00000000a2100000| Untracked 
|  10|0x00000000a2200000, 0x00000000a2300000, 0x00000000a2300000|100%| O|  |TAMS 0x00000000a2200000, 0x00000000a2200000| Untracked 
|  11|0x00000000a2300000, 0x00000000a2400000, 0x00000000a2400000|100%| O|  |TAMS 0x00000000a2300000, 0x00000000a2300000| Untracked 
|  12|0x00000000a2400000, 0x00000000a2500000, 0x00000000a2500000|100%| O|  |TAMS 0x00000000a2400000, 0x00000000a2400000| Untracked 
|  13|0x00000000a2500000, 0x00000000a2600000, 0x00000000a2600000|100%| O|  |TAMS 0x00000000a2500000, 0x00000000a2500000| Untracked 
|  14|0x00000000a2600000, 0x00000000a2700000, 0x00000000a2700000|100%| O|  |TAMS 0x00000000a2600000, 0x00000000a2600000| Untracked 
|  15|0x00000000a2700000, 0x00000000a27f4400, 0x00000000a2800000| 95%| O|  |TAMS 0x00000000a2700000, 0x00000000a2700000| Untracked 
|  16|0x00000000a2800000, 0x00000000a2800000, 0x00000000a2900000|  0%| F|  |TAMS 0x00000000a2800000, 0x00000000a2800000| Untracked 
|  17|0x00000000a2900000, 0x00000000a2900000, 0x00000000a2a00000|  0%| F|  |TAMS 0x00000000a2900000, 0x00000000a2900000| Untracked 
|  18|0x00000000a2a00000, 0x00000000a2a00000, 0x00000000a2b00000|  0%| F|  |TAMS 0x00000000a2a00000, 0x00000000a2a00000| Untracked 
|  19|0x00000000a2b00000, 0x00000000a2b00000, 0x00000000a2c00000|  0%| F|  |TAMS 0x00000000a2b00000, 0x00000000a2b00000| Untracked 
|  20|0x00000000a2c00000, 0x00000000a2c00000, 0x00000000a2d00000|  0%| F|  |TAMS 0x00000000a2c00000, 0x00000000a2c00000| Untracked 
|  21|0x00000000a2d00000, 0x00000000a2d00000, 0x00000000a2e00000|  0%| F|  |TAMS 0x00000000a2d00000, 0x00000000a2d00000| Untracked 
|  22|0x00000000a2e00000, 0x00000000a2e00000, 0x00000000a2f00000|  0%| F|  |TAMS 0x00000000a2e00000, 0x00000000a2e00000| Untracked 
|  23|0x00000000a2f00000, 0x00000000a2f00000, 0x00000000a3000000|  0%| F|  |TAMS 0x00000000a2f00000, 0x00000000a2f00000| Untracked 
|  24|0x00000000a3000000, 0x00000000a3000000, 0x00000000a3100000|  0%| F|  |TAMS 0x00000000a3000000, 0x00000000a3000000| Untracked 
|  25|0x00000000a3100000, 0x00000000a3100000, 0x00000000a3200000|  0%| F|  |TAMS 0x00000000a3100000, 0x00000000a3100000| Untracked 
|  26|0x00000000a3200000, 0x00000000a3200000, 0x00000000a3300000|  0%| F|  |TAMS 0x00000000a3200000, 0x00000000a3200000| Untracked 
|  27|0x00000000a3300000, 0x00000000a3300000, 0x00000000a3400000|  0%| F|  |TAMS 0x00000000a3300000, 0x00000000a3300000| Untracked 
|  28|0x00000000a3400000, 0x00000000a3400000, 0x00000000a3500000|  0%| F|  |TAMS 0x00000000a3400000, 0x00000000a3400000| Untracked 
|  29|0x00000000a3500000, 0x00000000a3500000, 0x00000000a3600000|  0%| F|  |TAMS 0x00000000a3500000, 0x00000000a3500000| Untracked 
|  30|0x00000000a3600000, 0x00000000a3600000, 0x00000000a3700000|  0%| F|  |TAMS 0x00000000a3600000, 0x00000000a3600000| Untracked 
|  31|0x00000000a3700000, 0x00000000a3700000, 0x00000000a3800000|  0%| F|  |TAMS 0x00000000a3700000, 0x00000000a3700000| Untracked 
|  32|0x00000000a3800000, 0x00000000a3800000, 0x00000000a3900000|  0%| F|  |TAMS 0x00000000a3800000, 0x00000000a3800000| Untracked 
|  33|0x00000000a3900000, 0x00000000a3900000, 0x00000000a3a00000|  0%| F|  |TAMS 0x00000000a3900000, 0x00000000a3900000| Untracked 
|  34|0x00000000a3a00000, 0x00000000a3a00000, 0x00000000a3b00000|  0%| F|  |TAMS 0x00000000a3a00000, 0x00000000a3a00000| Untracked 
|  35|0x00000000a3b00000, 0x00000000a3b00000, 0x00000000a3c00000|  0%| F|  |TAMS 0x00000000a3b00000, 0x00000000a3b00000| Untracked 
|  36|0x00000000a3c00000, 0x00000000a3c00000, 0x00000000a3d00000|  0%| F|  |TAMS 0x00000000a3c00000, 0x00000000a3c00000| Untracked 
|  37|0x00000000a3d00000, 0x00000000a3d00000, 0x00000000a3e00000|  0%| F|  |TAMS 0x00000000a3d00000, 0x00000000a3d00000| Untracked 
|  38|0x00000000a3e00000, 0x00000000a3e00000, 0x00000000a3f00000|  0%| F|  |TAMS 0x00000000a3e00000, 0x00000000a3e00000| Untracked 
|  39|0x00000000a3f00000, 0x00000000a3f00000, 0x00000000a4000000|  0%| F|  |TAMS 0x00000000a3f00000, 0x00000000a3f00000| Untracked 
|  40|0x00000000a4000000, 0x00000000a4000000, 0x00000000a4100000|  0%| F|  |TAMS 0x00000000a4000000, 0x00000000a4000000| Untracked 
|  41|0x00000000a4100000, 0x00000000a4100000, 0x00000000a4200000|  0%| F|  |TAMS 0x00000000a4100000, 0x00000000a4100000| Untracked 
|  42|0x00000000a4200000, 0x00000000a4200000, 0x00000000a4300000|  0%| F|  |TAMS 0x00000000a4200000, 0x00000000a4200000| Untracked 
|  43|0x00000000a4300000, 0x00000000a4300000, 0x00000000a4400000|  0%| F|  |TAMS 0x00000000a4300000, 0x00000000a4300000| Untracked 
|  44|0x00000000a4400000, 0x00000000a4400000, 0x00000000a4500000|  0%| F|  |TAMS 0x00000000a4400000, 0x00000000a4400000| Untracked 
|  45|0x00000000a4500000, 0x00000000a4500000, 0x00000000a4600000|  0%| F|  |TAMS 0x00000000a4500000, 0x00000000a4500000| Untracked 
|  46|0x00000000a4600000, 0x00000000a4600000, 0x00000000a4700000|  0%| F|  |TAMS 0x00000000a4600000, 0x00000000a4600000| Untracked 
|  47|0x00000000a4700000, 0x00000000a4700000, 0x00000000a4800000|  0%| F|  |TAMS 0x00000000a4700000, 0x00000000a4700000| Untracked 
|  48|0x00000000a4800000, 0x00000000a4800000, 0x00000000a4900000|  0%| F|  |TAMS 0x00000000a4800000, 0x00000000a4800000| Untracked 
|  49|0x00000000a4900000, 0x00000000a4900000, 0x00000000a4a00000|  0%| F|  |TAMS 0x00000000a4900000, 0x00000000a4900000| Untracked 
|  50|0x00000000a4a00000, 0x00000000a4a00000, 0x00000000a4b00000|  0%| F|  |TAMS 0x00000000a4a00000, 0x00000000a4a00000| Untracked 
|  51|0x00000000a4b00000, 0x00000000a4b00000, 0x00000000a4c00000|  0%| F|  |TAMS 0x00000000a4b00000, 0x00000000a4b00000| Untracked 
|  52|0x00000000a4c00000, 0x00000000a4c00000, 0x00000000a4d00000|  0%| F|  |TAMS 0x00000000a4c00000, 0x00000000a4c00000| Untracked 
|  53|0x00000000a4d00000, 0x00000000a4d00000, 0x00000000a4e00000|  0%| F|  |TAMS 0x00000000a4d00000, 0x00000000a4d00000| Untracked 
|  54|0x00000000a4e00000, 0x00000000a4e00000, 0x00000000a4f00000|  0%| F|  |TAMS 0x00000000a4e00000, 0x00000000a4e00000| Untracked 
|  55|0x00000000a4f00000, 0x00000000a4f00000, 0x00000000a5000000|  0%| F|  |TAMS 0x00000000a4f00000, 0x00000000a4f00000| Untracked 
|  56|0x00000000a5000000, 0x00000000a5000000, 0x00000000a5100000|  0%| F|  |TAMS 0x00000000a5000000, 0x00000000a5000000| Untracked 
|  57|0x00000000a5100000, 0x00000000a5100000, 0x00000000a5200000|  0%| F|  |TAMS 0x00000000a5100000, 0x00000000a5100000| Untracked 
|  58|0x00000000a5200000, 0x00000000a5200000, 0x00000000a5300000|  0%| F|  |TAMS 0x00000000a5200000, 0x00000000a5200000| Untracked 
|  59|0x00000000a5300000, 0x00000000a5300000, 0x00000000a5400000|  0%| F|  |TAMS 0x00000000a5300000, 0x00000000a5300000| Untracked 
|  60|0x00000000a5400000, 0x00000000a5400000, 0x00000000a5500000|  0%| F|  |TAMS 0x00000000a5400000, 0x00000000a5400000| Untracked 
|  61|0x00000000a5500000, 0x00000000a5500000, 0x00000000a5600000|  0%| F|  |TAMS 0x00000000a5500000, 0x00000000a5500000| Untracked 
|  62|0x00000000a5600000, 0x00000000a5600000, 0x00000000a5700000|  0%| F|  |TAMS 0x00000000a5600000, 0x00000000a5600000| Untracked 
|  63|0x00000000a5700000, 0x00000000a5700000, 0x00000000a5800000|  0%| F|  |TAMS 0x00000000a5700000, 0x00000000a5700000| Untracked 
|  64|0x00000000a5800000, 0x00000000a5800000, 0x00000000a5900000|  0%| F|  |TAMS 0x00000000a5800000, 0x00000000a5800000| Untracked 
|  65|0x00000000a5900000, 0x00000000a5900000, 0x00000000a5a00000|  0%| F|  |TAMS 0x00000000a5900000, 0x00000000a5900000| Untracked 
|  66|0x00000000a5a00000, 0x00000000a5a00000, 0x00000000a5b00000|  0%| F|  |TAMS 0x00000000a5a00000, 0x00000000a5a00000| Untracked 
|  67|0x00000000a5b00000, 0x00000000a5b00000, 0x00000000a5c00000|  0%| F|  |TAMS 0x00000000a5b00000, 0x00000000a5b00000| Untracked 
|  68|0x00000000a5c00000, 0x00000000a5c00000, 0x00000000a5d00000|  0%| F|  |TAMS 0x00000000a5c00000, 0x00000000a5c00000| Untracked 
|  69|0x00000000a5d00000, 0x00000000a5d00000, 0x00000000a5e00000|  0%| F|  |TAMS 0x00000000a5d00000, 0x00000000a5d00000| Untracked 
|  70|0x00000000a5e00000, 0x00000000a5e00000, 0x00000000a5f00000|  0%| F|  |TAMS 0x00000000a5e00000, 0x00000000a5e00000| Untracked 
|  71|0x00000000a5f00000, 0x00000000a5f00000, 0x00000000a6000000|  0%| F|  |TAMS 0x00000000a5f00000, 0x00000000a5f00000| Untracked 
|  72|0x00000000a6000000, 0x00000000a6000000, 0x00000000a6100000|  0%| F|  |TAMS 0x00000000a6000000, 0x00000000a6000000| Untracked 
|  73|0x00000000a6100000, 0x00000000a6100000, 0x00000000a6200000|  0%| F|  |TAMS 0x00000000a6100000, 0x00000000a6100000| Untracked 
|  74|0x00000000a6200000, 0x00000000a6200000, 0x00000000a6300000|  0%| F|  |TAMS 0x00000000a6200000, 0x00000000a6200000| Untracked 
|  75|0x00000000a6300000, 0x00000000a6300000, 0x00000000a6400000|  0%| F|  |TAMS 0x00000000a6300000, 0x00000000a6300000| Untracked 
|  76|0x00000000a6400000, 0x00000000a6400000, 0x00000000a6500000|  0%| F|  |TAMS 0x00000000a6400000, 0x00000000a6400000| Untracked 
|  77|0x00000000a6500000, 0x00000000a6500000, 0x00000000a6600000|  0%| F|  |TAMS 0x00000000a6500000, 0x00000000a6500000| Untracked 
|  78|0x00000000a6600000, 0x00000000a6600000, 0x00000000a6700000|  0%| F|  |TAMS 0x00000000a6600000, 0x00000000a6600000| Untracked 
|  79|0x00000000a6700000, 0x00000000a6700000, 0x00000000a6800000|  0%| F|  |TAMS 0x00000000a6700000, 0x00000000a6700000| Untracked 
|  80|0x00000000a6800000, 0x00000000a6800000, 0x00000000a6900000|  0%| F|  |TAMS 0x00000000a6800000, 0x00000000a6800000| Untracked 
|  81|0x00000000a6900000, 0x00000000a6900000, 0x00000000a6a00000|  0%| F|  |TAMS 0x00000000a6900000, 0x00000000a6900000| Untracked 
|  82|0x00000000a6a00000, 0x00000000a6a00000, 0x00000000a6b00000|  0%| F|  |TAMS 0x00000000a6a00000, 0x00000000a6a00000| Untracked 
|  83|0x00000000a6b00000, 0x00000000a6b4d5e8, 0x00000000a6c00000| 30%| E|  |TAMS 0x00000000a6b00000, 0x00000000a6b00000| Complete 
|  84|0x00000000a6c00000, 0x00000000a6d00000, 0x00000000a6d00000|100%| E|CS|TAMS 0x00000000a6c00000, 0x00000000a6c00000| Complete 
|  85|0x00000000a6d00000, 0x00000000a6e00000, 0x00000000a6e00000|100%| E|CS|TAMS 0x00000000a6d00000, 0x00000000a6d00000| Complete 
|  86|0x00000000a6e00000, 0x00000000a6f00000, 0x00000000a6f00000|100%| E|CS|TAMS 0x00000000a6e00000, 0x00000000a6e00000| Complete 
|  87|0x00000000a6f00000, 0x00000000a7000000, 0x00000000a7000000|100%| E|  |TAMS 0x00000000a6f00000, 0x00000000a6f00000| Complete 
|  88|0x00000000a7000000, 0x00000000a7100000, 0x00000000a7100000|100%| E|CS|TAMS 0x00000000a7000000, 0x00000000a7000000| Complete 
|  89|0x00000000a7100000, 0x00000000a7200000, 0x00000000a7200000|100%| S|CS|TAMS 0x00000000a7100000, 0x00000000a7100000| Complete 
|  90|0x00000000a7200000, 0x00000000a7300000, 0x00000000a7300000|100%| E|CS|TAMS 0x00000000a7200000, 0x00000000a7200000| Complete 
|  91|0x00000000a7300000, 0x00000000a7400000, 0x00000000a7400000|100%| E|CS|TAMS 0x00000000a7300000, 0x00000000a7300000| Complete 
|  92|0x00000000a7400000, 0x00000000a7500000, 0x00000000a7500000|100%| E|CS|TAMS 0x00000000a7400000, 0x00000000a7400000| Complete 
|  93|0x00000000a7500000, 0x00000000a7600000, 0x00000000a7600000|100%| E|CS|TAMS 0x00000000a7500000, 0x00000000a7500000| Complete 
|  94|0x00000000a7600000, 0x00000000a7700000, 0x00000000a7700000|100%| E|CS|TAMS 0x00000000a7600000, 0x00000000a7600000| Complete 
|  95|0x00000000a7700000, 0x00000000a7800000, 0x00000000a7800000|100%| E|CS|TAMS 0x00000000a7700000, 0x00000000a7700000| Complete 

Card table byte_map: [0x0000023932370000,0x0000023932670000] _byte_map_base: 0x0000023931e64000

Marking Bits (Prev, Next): (CMBitMap*) 0x000002391acb5518, (CMBitMap*) 0x000002391acb5550
 Prev Bits: [0x0000023932970000, 0x0000023934110000)
 Next Bits: [0x0000023934110000, 0x00000239358b0000)

Polling page: 0x0000023918c30000

Metaspace:

Usage:
  Non-class:     12.29 MB capacity,    12.05 MB ( 98%) used,   212.78 KB (  2%) free+waste,    32.13 KB ( <1%) overhead. 
      Class:      1.54 MB capacity,     1.39 MB ( 91%) used,   131.41 KB (  8%) free+waste,    15.69 KB ( <1%) overhead. 
       Both:     13.83 MB capacity,    13.44 MB ( 97%) used,   344.20 KB (  2%) free+waste,    47.81 KB ( <1%) overhead. 

Virtual space:
  Non-class space:       14.00 MB reserved,      12.50 MB ( 89%) committed 
      Class space:        1.00 GB reserved,       1.63 MB ( <1%) committed 
             Both:        1.01 GB reserved,      14.13 MB (  1%) committed 

Chunk freelists:
   Non-Class:  3.13 KB
       Class:  3.25 KB
        Both:  6.38 KB

CodeHeap 'non-profiled nmethods': size=238912Kb used=1464Kb max_used=1464Kb free=237447Kb
 bounds [0x0000023923720000, 0x0000023923990000, 0x0000023932070000]
CodeHeap 'non-nmethods': size=6848Kb used=1104Kb max_used=1104Kb free=5743Kb
 bounds [0x0000023923070000, 0x00000239232e0000, 0x0000023923720000]
 total_blobs=1501 nmethods=1073 adapters=339
 compilation: enabled
              stopped_count=0, restarted_count=0
 full_count=0

Compilation events (10 events):
Event: 3.939 Thread 0x0000023937dad000 1069   !   1       java.lang.StringCoding::lookupCharset (24 bytes)
Event: 3.939 Thread 0x0000023937dad000 nmethod 1069 0x000002392388bc10 code [0x000002392388be00, 0x000002392388c0c0]
Event: 3.944 Thread 0x0000023937dad000 1070       1       java.nio.Buffer::<init> (99 bytes)
Event: 3.945 Thread 0x0000023937dad000 nmethod 1070 0x000002392388c290 code [0x000002392388c4e0, 0x000002392388ca60]
Event: 3.945 Thread 0x0000023937dad000 1074       1       java.nio.ByteBuffer::<init> (45 bytes)
Event: 3.945 Thread 0x0000023937dad000 nmethod 1074 0x000002392388cd10 code [0x000002392388cec0, 0x000002392388d070]
Event: 3.945 Thread 0x0000023937dad000 1076       1       jdk.internal.jimage.ImageLocation::decompress (153 bytes)
Event: 3.946 Thread 0x0000023937dad000 nmethod 1076 0x000002392388d110 code [0x000002392388d360, 0x000002392388daa0]
Event: 3.946 Thread 0x0000023937dad000 1072   !   1       java.nio.DirectIntBufferU::get (29 bytes)
Event: 3.947 Thread 0x0000023937dad000 nmethod 1072 0x000002392388de90 code [0x000002392388e040, 0x000002392388e1b8]

GC Heap History (4 events):
Event: 1.344 GC heap before
{Heap before GC invocations=0 (full 0):
 garbage-first heap   total 98304K, used 14336K [0x00000000a1800000, 0x0000000100000000)
  region size 1024K, 14 young (14336K), 0 survivors (0K)
 Metaspace       used 6071K, capacity 6170K, committed 6272K, reserved 1056768K
  class space    used 538K, capacity 567K, committed 640K, reserved 1048576K
}
Event: 1.358 GC heap after
{Heap after GC invocations=1 (full 0):
 garbage-first heap   total 98304K, used 12167K [0x00000000a1800000, 0x0000000100000000)
  region size 1024K, 2 young (2048K), 2 survivors (2048K)
 Metaspace       used 6071K, capacity 6170K, committed 6272K, reserved 1056768K
  class space    used 538K, capacity 567K, committed 640K, reserved 1048576K
}
Event: 1.753 GC heap before
{Heap before GC invocations=1 (full 0):
 garbage-first heap   total 98304K, used 17287K [0x00000000a1800000, 0x0000000100000000)
  region size 1024K, 8 young (8192K), 2 survivors (2048K)
 Metaspace       used 8016K, capacity 8138K, committed 8320K, reserved 1056768K
  class space    used 768K, capacity 799K, committed 896K, reserved 1048576K
}
Event: 1.760 GC heap after
{Heap after GC invocations=2 (full 0):
 garbage-first heap   total 98304K, used 17361K [0x00000000a1800000, 0x0000000100000000)
  region size 1024K, 1 young (1024K), 1 survivors (1024K)
 Metaspace       used 8016K, capacity 8138K, committed 8320K, reserved 1056768K
  class space    used 768K, capacity 799K, committed 896K, reserved 1048576K
}

Deoptimization events (0 events):
No events

Classes redefined (0 events):
No events

Internal exceptions (10 events):
Event: 3.333 Thread 0x000002391ac7f000 Exception <a 'java/lang/NoSuchMethodError'{0x00000000a741e0c0}: java.lang.invoke.DirectMethodHandle$Holder.invokeStaticInit(Ljava/lang/Object;IIII)Ljava/lang/Object;> (0x00000000a741e0c0) thrown at [./open/src/hotspot/share/interpreter/linkResolver.cpp, l
Event: 3.673 Thread 0x000002391ac7f000 Exception <a 'java/lang/NoSuchMethodError'{0x00000000a7463910}: java.lang.invoke.DirectMethodHandle$Holder.invokeStatic(Ljava/lang/Object;Ljava/lang/Object;IIII)Ljava/lang/Object;> (0x00000000a7463910) thrown at [./open/src/hotspot/share/interpreter/linkR
Event: 3.673 Thread 0x000002391ac7f000 Exception <a 'java/lang/NoSuchMethodError'{0x00000000a7466c58}: java.lang.invoke.DirectMethodHandle$Holder.invokeStaticInit(Ljava/lang/Object;Ljava/lang/Object;IIII)Ljava/lang/Object;> (0x00000000a7466c58) thrown at [./open/src/hotspot/share/interpreter/l
Event: 3.697 Thread 0x000002391ac7f000 Exception <a 'java/lang/ClassNotFoundException'{0x00000000a74841b8}: javax/management/remote/rmi/RMIServerImpl_Skel> (0x00000000a74841b8) thrown at [./open/src/hotspot/share/classfile/systemDictionary.cpp, line 228]
Event: 3.753 Thread 0x000002391ac7f000 Exception <a 'java/lang/ClassNotFoundException'{0x00000000a73278b8}: jdk/internal/agent/resources/spi/agentProvider> (0x00000000a73278b8) thrown at [./open/src/hotspot/share/classfile/systemDictionary.cpp, line 228]
Event: 3.771 Thread 0x000002391ac7f000 Exception <a 'java/lang/NoSuchMethodError'{0x00000000a737d408}: java.lang.invoke.DirectMethodHandle$Holder.invokeStatic(Ljava/lang/Object;Ljava/lang/Object;Ljava/lang/Object;Ljava/lang/Object;Ljava/lang/Object;Ljava/lang/Object;Ljava/lang/Object;Ljava/lan
Event: 3.773 Thread 0x000002391ac7f000 Exception <a 'java/lang/NoSuchMethodError'{0x00000000a7389c28}: java.lang.invoke.DirectMethodHandle$Holder.invokeStatic(Ljava/lang/Object;Ljava/lang/Object;Ljava/lang/Object;Ljava/lang/Object;Ljava/lang/Object;Ljava/lang/Object;Ljava/lang/Object;Ljava/lan
Event: 3.775 Thread 0x000002391ac7f000 Exception <a 'java/lang/NoSuchMethodError'{0x00000000a73a3e70}: java.lang.invoke.DelegatingMethodHandle$Holder.reinvoke_L(Ljava/lang/Object;ILjava/lang/Object;)Ljava/lang/Object;> (0x00000000a73a3e70) thrown at [./open/src/hotspot/share/interpreter/linkRe
Event: 4.019 Thread 0x000002391ac7f000 Exception <a 'java/lang/ClassNotFoundException'{0x00000000a70bc4a8}: javax/smartcardio/CardPermission> (0x00000000a70bc4a8) thrown at [./open/src/hotspot/share/classfile/systemDictionary.cpp, line 228]
Event: 4.033 Thread 0x000002391ac7f000 Exception <a 'java/io/FileNotFoundException'{0x00000000a70ca8a8}> (0x00000000a70ca8a8) thrown at [./open/src/hotspot/share/prims/jni.cpp, line 611]

Events (10 events):
Event: 4.114 loading class org/apache/commons/logging/Log
Event: 4.114 loading class org/apache/commons/logging/Log done
Event: 4.114 loading class org/springframework/boot/Banner$Mode
Event: 4.114 loading class org/springframework/boot/Banner$Mode done
Event: 4.115 loading class org/springframework/util/Assert
Event: 4.115 loading class org/springframework/util/Assert done
Event: 4.116 loading class org/springframework/boot/WebApplicationType
Event: 4.116 loading class org/springframework/boot/WebApplicationType done
Event: 4.116 loading class org/springframework/util/ClassUtils
Event: 4.116 loading class org/springframework/util/ClassUtils done


Dynamic libraries:
0x00007ff6deec0000 - 0x00007ff6def07000 	C:\Program Files\Java\jdk-11.0.7\bin\javaw.exe
0x00007ff9e3c60000 - 0x00007ff9e3e50000 	C:\WINDOWS\SYSTEM32\ntdll.dll
0x00007ff9e2cb0000 - 0x00007ff9e2d62000 	C:\WINDOWS\System32\KERNEL32.DLL
0x00007ff9e0fd0000 - 0x00007ff9e1274000 	C:\WINDOWS\System32\KERNELBASE.dll
0x00007ff9e2060000 - 0x00007ff9e2103000 	C:\WINDOWS\System32\ADVAPI32.dll
0x00007ff9e3ae0000 - 0x00007ff9e3b7e000 	C:\WINDOWS\System32\msvcrt.dll
0x00007ff9e3b80000 - 0x00007ff9e3c17000 	C:\WINDOWS\System32\sechost.dll
0x00007ff9e3740000 - 0x00007ff9e3860000 	C:\WINDOWS\System32\RPCRT4.dll
0x00007ff9e2330000 - 0x00007ff9e24c4000 	C:\WINDOWS\System32\USER32.dll
0x00007ff9e1b80000 - 0x00007ff9e1ba1000 	C:\WINDOWS\System32\win32u.dll
0x00007ff9e3710000 - 0x00007ff9e3736000 	C:\WINDOWS\System32\GDI32.dll
0x00007ff9e0e30000 - 0x00007ff9e0fc5000 	C:\WINDOWS\System32\gdi32full.dll
0x00007ff9e0bf0000 - 0x00007ff9e0c8e000 	C:\WINDOWS\System32\msvcp_win.dll
0x00007ff9e1bb0000 - 0x00007ff9e1caa000 	C:\WINDOWS\System32\ucrtbase.dll
0x00007ff9da0e0000 - 0x00007ff9da364000 	C:\WINDOWS\WinSxS\amd64_microsoft.windows.common-controls_6595b64144ccf1df_6.0.18362.900_none_e6beb9d913147d17\COMCTL32.dll
0x00007ff9dbb40000 - 0x00007ff9dbb4a000 	C:\WINDOWS\SYSTEM32\VERSION.dll
0x00007ff9e1d20000 - 0x00007ff9e2055000 	C:\WINDOWS\System32\combase.dll
0x00007ff9e1280000 - 0x00007ff9e1300000 	C:\WINDOWS\System32\bcryptPrimitives.dll
0x00007ff9e24e0000 - 0x00007ff9e250e000 	C:\WINDOWS\System32\IMM32.DLL
0x00007ff9ccf10000 - 0x00007ff9ccf26000 	C:\Program Files\Java\jdk-11.0.7\bin\vcruntime140.dll
0x00007ff9be680000 - 0x00007ff9be72a000 	C:\Program Files\Java\jdk-11.0.7\bin\msvcp140.dll
0x00007ff979900000 - 0x00007ff97a461000 	C:\Program Files\Java\jdk-11.0.7\bin\server\jvm.dll
0x00007ff9e1d10000 - 0x00007ff9e1d18000 	C:\WINDOWS\System32\PSAPI.DLL
0x00007ff9dd490000 - 0x00007ff9dd499000 	C:\WINDOWS\SYSTEM32\WSOCK32.dll
0x00007ff9ded00000 - 0x00007ff9ded24000 	C:\WINDOWS\SYSTEM32\WINMM.dll
0x00007ff9e22c0000 - 0x00007ff9e232f000 	C:\WINDOWS\System32\WS2_32.dll
0x00007ff9dec40000 - 0x00007ff9dec6d000 	C:\WINDOWS\SYSTEM32\winmmbase.dll
0x00007ff9e0c90000 - 0x00007ff9e0cda000 	C:\WINDOWS\System32\cfgmgr32.dll
0x00007ff9e0b30000 - 0x00007ff9e0b41000 	C:\WINDOWS\System32\kernel.appcore.dll
0x00007ff9db1f0000 - 0x00007ff9db201000 	C:\Program Files\Java\jdk-11.0.7\bin\verify.dll
0x00007ff9cc260000 - 0x00007ff9cc454000 	C:\WINDOWS\SYSTEM32\DBGHELP.DLL
0x00007ff9cb930000 - 0x00007ff9cb95a000 	C:\WINDOWS\SYSTEM32\dbgcore.DLL
0x00007ff9cd500000 - 0x00007ff9cd529000 	C:\Program Files\Java\jdk-11.0.7\bin\java.dll
0x00007ff9dd5c0000 - 0x00007ff9dd5ca000 	C:\Program Files\Java\jdk-11.0.7\bin\jimage.dll
0x00007ff9db120000 - 0x00007ff9db136000 	C:\Program Files\Java\jdk-11.0.7\bin\zip.dll
0x00007ff9e2510000 - 0x00007ff9e2bf6000 	C:\WINDOWS\System32\SHELL32.dll
0x00007ff9e2c00000 - 0x00007ff9e2ca9000 	C:\WINDOWS\System32\shcore.dll
0x00007ff9e1400000 - 0x00007ff9e1b80000 	C:\WINDOWS\System32\windows.storage.dll
0x00007ff9e0bc0000 - 0x00007ff9e0be3000 	C:\WINDOWS\System32\profapi.dll
0x00007ff9e0b50000 - 0x00007ff9e0b9a000 	C:\WINDOWS\System32\powrprof.dll
0x00007ff9e0b20000 - 0x00007ff9e0b30000 	C:\WINDOWS\System32\UMPDC.dll
0x00007ff9e2df0000 - 0x00007ff9e2e42000 	C:\WINDOWS\System32\shlwapi.dll
0x00007ff9e1300000 - 0x00007ff9e1317000 	C:\WINDOWS\System32\cryptsp.dll
0x00007ff9db0e0000 - 0x00007ff9db0f9000 	C:\Program Files\Java\jdk-11.0.7\bin\net.dll
0x00007ff9db3c0000 - 0x00007ff9db4b0000 	C:\WINDOWS\SYSTEM32\WINHTTP.dll
0x00007ff9e0330000 - 0x00007ff9e0397000 	C:\WINDOWS\system32\mswsock.dll
0x00007ff9cd5d0000 - 0x00007ff9cd5e3000 	C:\Program Files\Java\jdk-11.0.7\bin\nio.dll
0x00007ff9dc520000 - 0x00007ff9dc529000 	C:\Program Files\Java\jdk-11.0.7\bin\management.dll
0x00007ff9db220000 - 0x00007ff9db22c000 	C:\Program Files\Java\jdk-11.0.7\bin\management_ext.dll
0x00007ff9d00e0000 - 0x00007ff9d00f6000 	C:\WINDOWS\system32\napinsp.dll
0x00007ff9d00c0000 - 0x00007ff9d00da000 	C:\WINDOWS\system32\pnrpnsp.dll
0x00007ff9e0080000 - 0x00007ff9e014b000 	C:\WINDOWS\SYSTEM32\DNSAPI.dll
0x00007ff9e24d0000 - 0x00007ff9e24d8000 	C:\WINDOWS\System32\NSI.dll
0x00007ff9e0040000 - 0x00007ff9e007a000 	C:\WINDOWS\SYSTEM32\IPHLPAPI.DLL
0x00007ff9d7200000 - 0x00007ff9d720e000 	C:\WINDOWS\System32\winrnr.dll
0x00007ff9dd2f0000 - 0x00007ff9dd30c000 	C:\WINDOWS\system32\NLAapi.dll
0x00007ff9da8f0000 - 0x00007ff9da905000 	C:\WINDOWS\system32\wshbth.dll
0x00007ff9d7ca0000 - 0x00007ff9d7caa000 	C:\Windows\System32\rasadhlp.dll
0x00007ff9d8d40000 - 0x00007ff9d8db7000 	C:\WINDOWS\System32\fwpuclnt.dll
0x00007ff9e13d0000 - 0x00007ff9e13f6000 	C:\WINDOWS\System32\bcrypt.dll
0x00007ff9dfea0000 - 0x00007ff9dfed3000 	C:\WINDOWS\system32\rsaenh.dll
0x00007ff9e0a40000 - 0x00007ff9e0a65000 	C:\WINDOWS\SYSTEM32\USERENV.dll
0x00007ff9e0500000 - 0x00007ff9e050c000 	C:\WINDOWS\SYSTEM32\CRYPTBASE.dll
0x00007ff9d8930000 - 0x00007ff9d8946000 	C:\WINDOWS\SYSTEM32\dhcpcsvc6.DLL
0x00007ff9d9450000 - 0x00007ff9d946c000 	C:\WINDOWS\SYSTEM32\dhcpcsvc.DLL

dbghelp: loaded successfully - version: 4.0.5 - missing functions: none
symbol engine: initialized successfully - sym options: 0x614 - pdb path: .;C:\Program Files\Java\jdk-11.0.7\bin;C:\WINDOWS\SYSTEM32;C:\WINDOWS\WinSxS\amd64_microsoft.windows.common-controls_6595b64144ccf1df_6.0.18362.900_none_e6beb9d913147d17;C:\Program Files\Java\jdk-11.0.7\bin\server

VM Arguments:
jvm_args: -Dcom.sun.management.jmxremote -Dcom.sun.management.jmxremote.port=62150 -Dcom.sun.management.jmxremote.authenticate=false -Dcom.sun.management.jmxremote.ssl=false -Djava.rmi.server.hostname=localhost -Dspring.jmx.enabled=true -Dspring.application.admin.enabled=true -Xverify:none -XX:TieredStopAtLevel=1 -Dspring.boot.project.name=Loja -Dfile.encoding=UTF-8 
java_command: com.josevitor.loja.LojaApplication --spring.output.ansi.enabled=always
java_class_path (initial): C:\Users\jose_vitor\Desktop\Workspace_Spring\Loja\target\classes;C:\Users\jose_vitor\.m2\repository\org\springframework\boot\spring-boot-starter-web\2.3.0.RELEASE\spring-boot-starter-web-2.3.0.RELEASE.jar;C:\Users\jose_vitor\.m2\repository\org\springframework\boot\spring-boot-starter\2.3.0.RELEASE\spring-boot-starter-2.3.0.RELEASE.jar;C:\Users\jose_vitor\.m2\repository\org\springframework\boot\spring-boot-starter-logging\2.3.0.RELEASE\spring-boot-starter-logging-2.3.0.RELEASE.jar;C:\Users\jose_vitor\.m2\repository\ch\qos\logback\logback-classic\1.2.3\logback-classic-1.2.3.jar;C:\Users\jose_vitor\.m2\repository\ch\qos\logback\logback-core\1.2.3\logback-core-1.2.3.jar;C:\Users\jose_vitor\.m2\repository\org\apache\logging\log4j\log4j-to-slf4j\2.13.2\log4j-to-slf4j-2.13.2.jar;C:\Users\jose_vitor\.m2\repository\org\apache\logging\log4j\log4j-api\2.13.2\log4j-api-2.13.2.jar;C:\Users\jose_vitor\.m2\repository\org\slf4j\jul-to-slf4j\1.7.30\jul-to-slf4j-1.7.30.jar;C:\Users\jose_vitor\.m2\repository\jakarta\annotation\jakarta.annotation-api\1.3.5\jakarta.annotation-api-1.3.5.jar;C:\Users\jose_vitor\.m2\repository\org\yaml\snakeyaml\1.26\snakeyaml-1.26.jar;C:\Users\jose_vitor\.m2\repository\org\springframework\boot\spring-boot-starter-json\2.3.0.RELEASE\spring-boot-starter-json-2.3.0.RELEASE.jar;C:\Users\jose_vitor\.m2\repository\com\fasterxml\jackson\datatype\jackson-datatype-jdk8\2.11.0\jackson-datatype-jdk8-2.11.0.jar;C:\Users\jose_vitor\.m2\repository\com\fasterxml\jackson\datatype\jackson-datatype-jsr310\2.11.0\jackson-datatype-jsr310-2.11.0.jar;C:\Users\jose_vitor\.m2\repository\com\fasterxml\jackson\module\jackson-module-parameter-names\2.11.0\jackson-module-parameter-names-2.11.0.jar;C:\Users\jose_vitor\.m2\repository\org\springframework\boot\spring-boot-starter-tomcat\2.3.0.RELEASE\spring-boot-starter-tomcat-2.3.0.RELEASE.jar;C:\Users\jose_vitor\.m2\repository\org\apache\tomcat\embed\tomcat-embed-core\9.0.35\tomcat-embed-core-9.0.35.jar;C:
Launcher Type: SUN_STANDARD

[Global flags]
     bool BytecodeVerificationLocal                = false                                     {product} {command line}
     bool BytecodeVerificationRemote               = false                                     {product} {command line}
     intx CICompilerCount                          = 3                                         {product} {ergonomic}
     uint ConcGCThreads                            = 1                                         {product} {ergonomic}
     uint G1ConcRefinementThreads                  = 4                                         {product} {ergonomic}
   size_t G1HeapRegionSize                         = 1048576                                   {product} {ergonomic}
    uintx GCDrainStackTargetSize                   = 64                                        {product} {ergonomic}
   size_t InitialHeapSize                          = 100663296                                 {product} {ergonomic}
     bool ManagementServer                         = true                                      {product} {command line}
   size_t MarkStackSize                            = 4194304                                   {product} {ergonomic}
   size_t MaxHeapSize                              = 1585446912                                {product} {ergonomic}
   size_t MaxNewSize                               = 951058432                                 {product} {ergonomic}
   size_t MinHeapDeltaBytes                        = 1048576                                   {product} {ergonomic}
    uintx NonNMethodCodeHeapSize                   = 6973028                                {pd product} {ergonomic}
    uintx NonProfiledCodeHeapSize                  = 244685212                              {pd product} {ergonomic}
    uintx ProfiledCodeHeapSize                     = 0                                      {pd product} {ergonomic}
    uintx ReservedCodeCacheSize                    = 251658240                              {pd product} {ergonomic}
     bool SegmentedCodeCache                       = true                                      {product} {ergonomic}
     intx TieredStopAtLevel                        = 1                                         {product} {command line}
     bool UseCompressedClassPointers               = true                                 {lp64_product} {ergonomic}
     bool UseCompressedOops                        = true                                 {lp64_product} {ergonomic}
     bool UseG1GC                                  = true                                      {product} {ergonomic}
     bool UseLargePagesIndividualAllocation        = false                                  {pd product} {ergonomic}

Logging:
Log output configuration:
 #0: stdout all=warning uptime,level,tags
 #1: stderr all=off uptime,level,tags

Environment Variables:
JAVA_HOME=C:\Program Files\Java\jdk-11.0.7
PATH=C:/Program Files/Java/jdk-11.0.7/bin/server;C:/Program Files/Java/jdk-11.0.7/bin;C:\WINDOWS\system32;C:\WINDOWS;C:\WINDOWS\System32\Wbem;C:\WINDOWS\System32\WindowsPowerShell\v1.0\;C:\WINDOWS\System32\OpenSSH\;C:\Program Files\Git\cmd;C:\Program Files\Microsoft SQL Server\130\Tools\Binn\;C:\Program Files\Microsoft SQL Server\Client SDK\ODBC\170\Tools\Binn\;C:\Program Files\dotnet\;C:\Program Files\Java\jdk-11.0.7\bin;C:\Program Files\MySQL\MySQL Shell 8.0\bin\;C:\Users\jose_vitor\AppData\Local\Microsoft\WindowsApps;C:\Users\jose_vitor\AppData\Local\GitHubDesktop\bin;C:\Program Files\Java\jdk-11.0.7\bin;;C:\Users\jose_vitor\Desktop\sts-4.6.2.RELEASE;
USERNAME=jose_vitor
OS=Windows_NT
PROCESSOR_IDENTIFIER=Intel64 Family 6 Model 58 Stepping 9, GenuineIntel



---------------  S Y S T E M  ---------------

OS: Windows 10 , 64 bit Build 18362 (10.0.18362.900)

CPU:total 4 (initial active 4) (2 cores per cpu, 2 threads per core) family 6 model 58 stepping 9, cmov, cx8, fxsr, mmx, sse, sse2, sse3, ssse3, sse4.1, sse4.2, popcnt, avx, aes, clmul, erms, ht, tsc, tscinvbit, tscinv

Memory: 4k page, system-wide physical 6041M (558M free)
TotalPageFile size 7833M (AvailPageFile size 1485M)
current process WorkingSet (physical memory assigned to process): 79M, peak: 79M
current process commit charge ("private bytes"): 184M, peak: 184M

vm_info: Java HotSpot(TM) 64-Bit Server VM (11.0.7+8-LTS) for windows-amd64 JRE (11.0.7+8-LTS), built on Mar 12 2020 02:04:32 by "mach5one" with MS VC++ 15.5 (VS2017)

END.
