#
# A fatal error has been detected by the Java Runtime Environment:
#
#  EXCEPTION_ACCESS_VIOLATION (0xc0000005) at pc=0x00007ffdf5323936, pid=12536, tid=12920
#
# JRE version: Java(TM) SE Runtime Environment 18.9 (11.0.7+8) (build 11.0.7+8-LTS)
# Java VM: Java HotSpot(TM) 64-Bit Server VM 18.9 (11.0.7+8-LTS, mixed mode, tiered, compressed oops, g1 gc, windows-amd64)
# Problematic frame:
# V  [jvm.dll+0x6f3936]
#
# No core dump will be written. Minidumps are not enabled by default on client versions of Windows
#
# If you would like to submit a bug report, please visit:
#   https://bugreport.java.com/bugreport/crash.jsp
#

---------------  S U M M A R Y ------------

Command Line: -Dcom.sun.management.jmxremote -Dcom.sun.management.jmxremote.port=50854 -Dcom.sun.management.jmxremote.authenticate=false -Dcom.sun.management.jmxremote.ssl=false -Djava.rmi.server.hostname=localhost -Dspring.jmx.enabled=true -Dspring.application.admin.enabled=true -Xverify:none -XX:TieredStopAtLevel=1 -Dspring.boot.project.name=Loja -Dfile.encoding=UTF-8 com.josevitor.loja.LojaApplication --spring.output.ansi.enabled=always

Host: Intel(R) Core(TM) i5-3337U CPU @ 1.80GHz, 4 cores, 5G,  Windows 10 , 64 bit Build 19041 (10.0.19041.804)
Time: Thu Feb 18 18:46:37 2021 Hora oficial do Brasil elapsed time: 8 seconds (0d 0h 0m 8s)

---------------  T H R E A D  ---------------

Current thread (0x000001d1e45ef800):  WatcherThread [stack: 0x000000a289400000,0x000000a289500000] [id=12920]

Stack: [0x000000a289400000,0x000000a289500000],  sp=0x000000a2894ff490,  free space=1021k
Native frames: (J=compiled Java code, j=interpreted, Vv=VM code, C=native code)
V  [jvm.dll+0x6f3936]
V  [jvm.dll+0x73fc7d]
V  [jvm.dll+0x765fe9]
V  [jvm.dll+0x75e875]
V  [jvm.dll+0x660b26]
C  [ucrtbase.dll+0x21bb2]
C  [KERNEL32.DLL+0x17034]
C  [ntdll.dll+0x4d241]


siginfo: EXCEPTION_ACCESS_VIOLATION (0xc0000005), reading address 0x0000000400000003


Register to memory mapping:

RIP=0x00007ffdf5323936 jvm.dll
RAX=0x0000000400000003 is an unknown value
RBX=0x0 is NULL
RCX=0x000001d1e452b290 points into unknown readable memory: e8 4a 53 f5 fd 7f 00 00
RDX=0x000000000000003e is an unknown value
RSP=0x000000a2894ff490 points into unknown readable memory: 00 f8 5e e4 d1 01 00 00
RBP=0x0000000000000002 is an unknown value
RSI=0x000001d1e44ef280 points into unknown readable memory: 03 00 00 00 04 00 00 00
RDI=0x0000000000000001 is an unknown value
R8 =0x0 is NULL
R9 =0x000001d1cde70b80 is at begin+0 in a stub
StubRoutines::atomic_cmpxchg_long [0x000001d1cde70b80, 0x000001d1cde70b89[ (9 bytes)
R10=0x00000000546c6148 is an unknown value
R11=0xfffffffffb07bf1d is an unknown value
R12=0x0 is NULL
R13=0x000001d1e45ef800 points into unknown readable memory: 18 92 53 f5 fd 7f 00 00
R14=0x000000000000003e is an unknown value
R15=0x000001d1e43f46d0 points into unknown readable memory: 00 00 00 00 00 00 00 00


Registers:
RAX=0x0000000400000003, RBX=0x0000000000000000, RCX=0x000001d1e452b290, RDX=0x000000000000003e
RSP=0x000000a2894ff490, RBP=0x0000000000000002, RSI=0x000001d1e44ef280, RDI=0x0000000000000001
R8 =0x0000000000000000, R9 =0x000001d1cde70b80, R10=0x00000000546c6148, R11=0xfffffffffb07bf1d
R12=0x0000000000000000, R13=0x000001d1e45ef800, R14=0x000000000000003e, R15=0x000001d1e43f46d0
RIP=0x00007ffdf5323936, EFLAGS=0x0000000000010246

Top of Stack: (sp=0x000000a2894ff490)
0x000000a2894ff490:   000001d1e45ef800 000001d1e45ef800
0x000000a2894ff4a0:   000001c72d25c90c 00007ffdf52642d9
0x000000a2894ff4b0:   00007ffdf56dabc8 00007ffdf536fc7d
0x000000a2894ff4c0:   000001d1c5a68370 000001d1c5a68370
0x000000a2894ff4d0:   000001d1c5a68370 431bde82d7b634db
0x000000a2894ff4e0:   000001d1e43f46d0 000001c72d25c90c
0x000000a2894ff4f0:   000001d1c5a68370 00007ffdf5395fe9
0x000000a2894ff500:   0000000000000001 000000000000003e
0x000000a2894ff510:   0000000000000032 0000000000000002
0x000000a2894ff520:   0000000000000000 0000000000000000
0x000000a2894ff530:   0000000000000000 00007ffe0ff3d220
0x000000a2894ff540:   000000000000027f 0000000000000000
0x000000a2894ff550:   0000000000000000 0000ffff00001f80
0x000000a2894ff560:   000001d1e45ef800 0000000000000000
0x000000a2894ff570:   0000000000100000 000000a2894ff840
0x000000a2894ff580:   000000a289400000 00007ffdf538e875 

Instructions: (pc=0x00007ffdf5323936)
0x00007ffdf5323916:   cc cc cc cc cc cc cc cc cc cc 48 89 5c 24 10 56
0x00007ffdf5323926:   48 83 ec 20 48 8b 35 67 23 3b 00 33 db 48 8b 06
0x00007ffdf5323936:   39 18 7e 27 48 89 7c 24 30 8b fb 48 8b 40 18 48
0x00007ffdf5323946:   8b 0c 07 48 8b 01 ff 50 08 48 8b 06 48 8d 7f 08 


Stack slot to memory mapping:
stack at sp + 0 slots: 0x000001d1e45ef800 points into unknown readable memory: 18 92 53 f5 fd 7f 00 00
stack at sp + 1 slots: 0x000001d1e45ef800 points into unknown readable memory: 18 92 53 f5 fd 7f 00 00
stack at sp + 2 slots: 0x000001c72d25c90c is an unknown value
stack at sp + 3 slots: 0x00007ffdf52642d9 jvm.dll
stack at sp + 4 slots: 0x00007ffdf56dabc8 jvm.dll
stack at sp + 5 slots: 0x00007ffdf536fc7d jvm.dll
stack at sp + 6 slots: 0x000001d1c5a68370 points into unknown readable memory: 01 00 00 00 00 00 00 00
stack at sp + 7 slots: 0x000001d1c5a68370 points into unknown readable memory: 01 00 00 00 00 00 00 00


---------------  P R O C E S S  ---------------

Threads class SMR info:
_java_thread_list=0x000001d1e4524540, length=15, elements={
0x000001d1c5a6e000, 0x000001d1e2b8b000, 0x000001d1e2b94800, 0x000001d1e3542800,
0x000001d1e2ba6000, 0x000001d1e2ba8000, 0x000001d1e2bb0000, 0x000001d1c5b28000,
0x000001d1e3764800, 0x000001d1e450e000, 0x000001d1e452a000, 0x000001d1e4526800,
0x000001d1e459f800, 0x000001d1e45ac800, 0x000001d1e4605000
}

Java Threads: ( => current thread )
  0x000001d1c5a6e000 JavaThread "main" [_thread_blocked, id=11464, stack(0x000000a287f00000,0x000000a288000000)]
  0x000001d1e2b8b000 JavaThread "Reference Handler" daemon [_thread_blocked, id=10620, stack(0x000000a288600000,0x000000a288700000)]
  0x000001d1e2b94800 JavaThread "Finalizer" daemon [_thread_blocked, id=12508, stack(0x000000a288700000,0x000000a288800000)]
  0x000001d1e3542800 JavaThread "Signal Dispatcher" daemon [_thread_blocked, id=12796, stack(0x000000a288800000,0x000000a288900000)]
  0x000001d1e2ba6000 JavaThread "Attach Listener" daemon [_thread_blocked, id=11396, stack(0x000000a288900000,0x000000a288a00000)]
  0x000001d1e2ba8000 JavaThread "C1 CompilerThread0" daemon [_thread_in_vm, id=11364, stack(0x000000a288a00000,0x000000a288b00000)]
  0x000001d1e2bb0000 JavaThread "Sweeper thread" daemon [_thread_blocked, id=11632, stack(0x000000a288b00000,0x000000a288c00000)]
  0x000001d1c5b28000 JavaThread "Common-Cleaner" daemon [_thread_blocked, id=11472, stack(0x000000a288c00000,0x000000a288d00000)]
  0x000001d1e3764800 JavaThread "Service Thread" daemon [_thread_blocked, id=11448, stack(0x000000a288d00000,0x000000a288e00000)]
  0x000001d1e450e000 JavaThread "RMI TCP Accept-0" daemon [_thread_in_native, id=2560, stack(0x000000a288f00000,0x000000a289000000)]
  0x000001d1e452a000 JavaThread "RMI TCP Accept-50854" daemon [_thread_in_native, id=5440, stack(0x000000a289000000,0x000000a289100000)]
  0x000001d1e4526800 JavaThread "RMI TCP Connection(1)-127.0.0.1" daemon [_thread_in_native, id=2552, stack(0x000000a289100000,0x000000a289200000)]
  0x000001d1e459f800 JavaThread "RMI TCP Accept-0" daemon [_thread_in_native, id=11988, stack(0x000000a289200000,0x000000a289300000)]
  0x000001d1e45ac800 JavaThread "RMI Scheduler(0)" daemon [_thread_blocked, id=3224, stack(0x000000a289300000,0x000000a289400000)]
  0x000001d1e4605000 JavaThread "RMI TCP Connection(idle)" daemon [_thread_blocked, id=6196, stack(0x000000a289500000,0x000000a289600000)]

Other Threads:
  0x000001d1e2b63000 VMThread "VM Thread" [stack: 0x000000a288500000,0x000000a288600000] [id=11280]
=>0x000001d1e45ef800 WatcherThread [stack: 0x000000a289400000,0x000000a289500000] [id=12920]
  0x000001d1c5a83800 GCTaskThread "GC Thread#0" [stack: 0x000000a288000000,0x000000a288100000] [id=11528]
  0x000001d1e38fd000 GCTaskThread "GC Thread#1" [stack: 0x000000a288e00000,0x000000a288f00000] [id=10236]
  0x000001d1c5aaa800 ConcurrentGCThread "G1 Main Marker" [stack: 0x000000a288100000,0x000000a288200000] [id=3112]
  0x000001d1c5aad800 ConcurrentGCThread "G1 Conc#0" [stack: 0x000000a288200000,0x000000a288300000] [id=8956]
  0x000001d1c5b1e800 ConcurrentGCThread "G1 Refine#0" [stack: 0x000000a288300000,0x000000a288400000] [id=1520]
  0x000001d1c5b20000 ConcurrentGCThread "G1 Young RemSet Sampling" [stack: 0x000000a288400000,0x000000a288500000] [id=11544]

Threads with active compile tasks:
C1 CompilerThread01079       1       java.lang.ThreadLocal::get (38 bytes)

VM state:synchronizing (normal execution)

VM Mutex/Monitor currently owned by a thread:  ([mutex/lock_event])
[0x000001d1c5a69840] Threads_lock - owner thread: 0x000001d1e2b63000
[0x000001d1c5a68370] PeriodicTask_lock - owner thread: 0x000001d1e45ef800

Heap address: 0x00000000a1800000, size: 1512 MB, Compressed Oops mode: 32-bit
Narrow klass base: 0x0000000000000000, Narrow klass shift: 3
Compressed class space size: 1073741824 Address: 0x0000000100000000

Heap:
 garbage-first heap   total 98304K, used 23552K [0x00000000a1800000, 0x0000000100000000)
  region size 1024K, 9 young (9216K), 1 survivors (1024K)
 Metaspace       used 12437K, capacity 12818K, committed 13056K, reserved 1060864K
  class space    used 1311K, capacity 1423K, committed 1536K, reserved 1048576K
Heap Regions: E=young(eden), S=young(survivor), O=old, HS=humongous(starts), HC=humongous(continues), CS=collection set, F=free, A=archive, TAMS=top-at-mark-start (previous, next)
|   0|0x00000000a1800000, 0x00000000a1900000, 0x00000000a1900000|100%|HS|  |TAMS 0x00000000a1800000, 0x00000000a1800000| Complete 
|   1|0x00000000a1900000, 0x00000000a1a00000, 0x00000000a1a00000|100%| O|  |TAMS 0x00000000a1900000, 0x00000000a1900000| Untracked 
|   2|0x00000000a1a00000, 0x00000000a1b00000, 0x00000000a1b00000|100%| O|  |TAMS 0x00000000a1a00000, 0x00000000a1a00000| Untracked 
|   3|0x00000000a1b00000, 0x00000000a1c00000, 0x00000000a1c00000|100%| O|  |TAMS 0x00000000a1b00000, 0x00000000a1b00000| Untracked 
|   4|0x00000000a1c00000, 0x00000000a1d00000, 0x00000000a1d00000|100%| O|  |TAMS 0x00000000a1c00000, 0x00000000a1c00000| Untracked 
|   5|0x00000000a1d00000, 0x00000000a1e00000, 0x00000000a1e00000|100%| O|  |TAMS 0x00000000a1d00000, 0x00000000a1d00000| Untracked 
|   6|0x00000000a1e00000, 0x00000000a1f00000, 0x00000000a1f00000|100%| O|  |TAMS 0x00000000a1e00000, 0x00000000a1e00000| Untracked 
|   7|0x00000000a1f00000, 0x00000000a2000000, 0x00000000a2000000|100%| O|  |TAMS 0x00000000a1f00000, 0x00000000a1f00000| Untracked 
|   8|0x00000000a2000000, 0x00000000a2100000, 0x00000000a2100000|100%| O|  |TAMS 0x00000000a2000000, 0x00000000a2000000| Untracked 
|   9|0x00000000a2100000, 0x00000000a2200000, 0x00000000a2200000|100%| O|  |TAMS 0x00000000a2100000, 0x00000000a2100000| Untracked 
|  10|0x00000000a2200000, 0x00000000a2300000, 0x00000000a2300000|100%| O|  |TAMS 0x00000000a2200000, 0x00000000a2200000| Untracked 
|  11|0x00000000a2300000, 0x00000000a2400000, 0x00000000a2400000|100%| O|  |TAMS 0x00000000a2300000, 0x00000000a2300000| Untracked 
|  12|0x00000000a2400000, 0x00000000a2500000, 0x00000000a2500000|100%| O|  |TAMS 0x00000000a2400000, 0x00000000a2400000| Untracked 
|  13|0x00000000a2500000, 0x00000000a2600000, 0x00000000a2600000|100%| O|  |TAMS 0x00000000a2500000, 0x00000000a2500000| Untracked 
|  14|0x00000000a2600000, 0x00000000a2700000, 0x00000000a2700000|100%| O|  |TAMS 0x00000000a2600000, 0x00000000a2600000| Untracked 
|  15|0x00000000a2700000, 0x00000000a2700000, 0x00000000a2800000|  0%| F|  |TAMS 0x00000000a2700000, 0x00000000a2700000| Untracked 
|  16|0x00000000a2800000, 0x00000000a2800000, 0x00000000a2900000|  0%| F|  |TAMS 0x00000000a2800000, 0x00000000a2800000| Untracked 
|  17|0x00000000a2900000, 0x00000000a2900000, 0x00000000a2a00000|  0%| F|  |TAMS 0x00000000a2900000, 0x00000000a2900000| Untracked 
|  18|0x00000000a2a00000, 0x00000000a2a00000, 0x00000000a2b00000|  0%| F|  |TAMS 0x00000000a2a00000, 0x00000000a2a00000| Untracked 
|  19|0x00000000a2b00000, 0x00000000a2b00000, 0x00000000a2c00000|  0%| F|  |TAMS 0x00000000a2b00000, 0x00000000a2b00000| Untracked 
|  20|0x00000000a2c00000, 0x00000000a2c00000, 0x00000000a2d00000|  0%| F|  |TAMS 0x00000000a2c00000, 0x00000000a2c00000| Untracked 
|  21|0x00000000a2d00000, 0x00000000a2d00000, 0x00000000a2e00000|  0%| F|  |TAMS 0x00000000a2d00000, 0x00000000a2d00000| Untracked 
|  22|0x00000000a2e00000, 0x00000000a2e00000, 0x00000000a2f00000|  0%| F|  |TAMS 0x00000000a2e00000, 0x00000000a2e00000| Untracked 
|  23|0x00000000a2f00000, 0x00000000a2f00000, 0x00000000a3000000|  0%| F|  |TAMS 0x00000000a2f00000, 0x00000000a2f00000| Untracked 
|  24|0x00000000a3000000, 0x00000000a3000000, 0x00000000a3100000|  0%| F|  |TAMS 0x00000000a3000000, 0x00000000a3000000| Untracked 
|  25|0x00000000a3100000, 0x00000000a3100000, 0x00000000a3200000|  0%| F|  |TAMS 0x00000000a3100000, 0x00000000a3100000| Untracked 
|  26|0x00000000a3200000, 0x00000000a3200000, 0x00000000a3300000|  0%| F|  |TAMS 0x00000000a3200000, 0x00000000a3200000| Untracked 
|  27|0x00000000a3300000, 0x00000000a3300000, 0x00000000a3400000|  0%| F|  |TAMS 0x00000000a3300000, 0x00000000a3300000| Untracked 
|  28|0x00000000a3400000, 0x00000000a3400000, 0x00000000a3500000|  0%| F|  |TAMS 0x00000000a3400000, 0x00000000a3400000| Untracked 
|  29|0x00000000a3500000, 0x00000000a3500000, 0x00000000a3600000|  0%| F|  |TAMS 0x00000000a3500000, 0x00000000a3500000| Untracked 
|  30|0x00000000a3600000, 0x00000000a3600000, 0x00000000a3700000|  0%| F|  |TAMS 0x00000000a3600000, 0x00000000a3600000| Untracked 
|  31|0x00000000a3700000, 0x00000000a3700000, 0x00000000a3800000|  0%| F|  |TAMS 0x00000000a3700000, 0x00000000a3700000| Untracked 
|  32|0x00000000a3800000, 0x00000000a3800000, 0x00000000a3900000|  0%| F|  |TAMS 0x00000000a3800000, 0x00000000a3800000| Untracked 
|  33|0x00000000a3900000, 0x00000000a3900000, 0x00000000a3a00000|  0%| F|  |TAMS 0x00000000a3900000, 0x00000000a3900000| Untracked 
|  34|0x00000000a3a00000, 0x00000000a3a00000, 0x00000000a3b00000|  0%| F|  |TAMS 0x00000000a3a00000, 0x00000000a3a00000| Untracked 
|  35|0x00000000a3b00000, 0x00000000a3b00000, 0x00000000a3c00000|  0%| F|  |TAMS 0x00000000a3b00000, 0x00000000a3b00000| Untracked 
|  36|0x00000000a3c00000, 0x00000000a3c00000, 0x00000000a3d00000|  0%| F|  |TAMS 0x00000000a3c00000, 0x00000000a3c00000| Untracked 
|  37|0x00000000a3d00000, 0x00000000a3d00000, 0x00000000a3e00000|  0%| F|  |TAMS 0x00000000a3d00000, 0x00000000a3d00000| Untracked 
|  38|0x00000000a3e00000, 0x00000000a3e00000, 0x00000000a3f00000|  0%| F|  |TAMS 0x00000000a3e00000, 0x00000000a3e00000| Untracked 
|  39|0x00000000a3f00000, 0x00000000a3f00000, 0x00000000a4000000|  0%| F|  |TAMS 0x00000000a3f00000, 0x00000000a3f00000| Untracked 
|  40|0x00000000a4000000, 0x00000000a4000000, 0x00000000a4100000|  0%| F|  |TAMS 0x00000000a4000000, 0x00000000a4000000| Untracked 
|  41|0x00000000a4100000, 0x00000000a4100000, 0x00000000a4200000|  0%| F|  |TAMS 0x00000000a4100000, 0x00000000a4100000| Untracked 
|  42|0x00000000a4200000, 0x00000000a4200000, 0x00000000a4300000|  0%| F|  |TAMS 0x00000000a4200000, 0x00000000a4200000| Untracked 
|  43|0x00000000a4300000, 0x00000000a4300000, 0x00000000a4400000|  0%| F|  |TAMS 0x00000000a4300000, 0x00000000a4300000| Untracked 
|  44|0x00000000a4400000, 0x00000000a4400000, 0x00000000a4500000|  0%| F|  |TAMS 0x00000000a4400000, 0x00000000a4400000| Untracked 
|  45|0x00000000a4500000, 0x00000000a4500000, 0x00000000a4600000|  0%| F|  |TAMS 0x00000000a4500000, 0x00000000a4500000| Untracked 
|  46|0x00000000a4600000, 0x00000000a4600000, 0x00000000a4700000|  0%| F|  |TAMS 0x00000000a4600000, 0x00000000a4600000| Untracked 
|  47|0x00000000a4700000, 0x00000000a4700000, 0x00000000a4800000|  0%| F|  |TAMS 0x00000000a4700000, 0x00000000a4700000| Untracked 
|  48|0x00000000a4800000, 0x00000000a4800000, 0x00000000a4900000|  0%| F|  |TAMS 0x00000000a4800000, 0x00000000a4800000| Untracked 
|  49|0x00000000a4900000, 0x00000000a4900000, 0x00000000a4a00000|  0%| F|  |TAMS 0x00000000a4900000, 0x00000000a4900000| Untracked 
|  50|0x00000000a4a00000, 0x00000000a4a00000, 0x00000000a4b00000|  0%| F|  |TAMS 0x00000000a4a00000, 0x00000000a4a00000| Untracked 
|  51|0x00000000a4b00000, 0x00000000a4b00000, 0x00000000a4c00000|  0%| F|  |TAMS 0x00000000a4b00000, 0x00000000a4b00000| Untracked 
|  52|0x00000000a4c00000, 0x00000000a4c00000, 0x00000000a4d00000|  0%| F|  |TAMS 0x00000000a4c00000, 0x00000000a4c00000| Untracked 
|  53|0x00000000a4d00000, 0x00000000a4d00000, 0x00000000a4e00000|  0%| F|  |TAMS 0x00000000a4d00000, 0x00000000a4d00000| Untracked 
|  54|0x00000000a4e00000, 0x00000000a4e00000, 0x00000000a4f00000|  0%| F|  |TAMS 0x00000000a4e00000, 0x00000000a4e00000| Untracked 
|  55|0x00000000a4f00000, 0x00000000a4f00000, 0x00000000a5000000|  0%| F|  |TAMS 0x00000000a4f00000, 0x00000000a4f00000| Untracked 
|  56|0x00000000a5000000, 0x00000000a5000000, 0x00000000a5100000|  0%| F|  |TAMS 0x00000000a5000000, 0x00000000a5000000| Untracked 
|  57|0x00000000a5100000, 0x00000000a5100000, 0x00000000a5200000|  0%| F|  |TAMS 0x00000000a5100000, 0x00000000a5100000| Untracked 
|  58|0x00000000a5200000, 0x00000000a5200000, 0x00000000a5300000|  0%| F|  |TAMS 0x00000000a5200000, 0x00000000a5200000| Untracked 
|  59|0x00000000a5300000, 0x00000000a5300000, 0x00000000a5400000|  0%| F|  |TAMS 0x00000000a5300000, 0x00000000a5300000| Untracked 
|  60|0x00000000a5400000, 0x00000000a5400000, 0x00000000a5500000|  0%| F|  |TAMS 0x00000000a5400000, 0x00000000a5400000| Untracked 
|  61|0x00000000a5500000, 0x00000000a5500000, 0x00000000a5600000|  0%| F|  |TAMS 0x00000000a5500000, 0x00000000a5500000| Untracked 
|  62|0x00000000a5600000, 0x00000000a5600000, 0x00000000a5700000|  0%| F|  |TAMS 0x00000000a5600000, 0x00000000a5600000| Untracked 
|  63|0x00000000a5700000, 0x00000000a5700000, 0x00000000a5800000|  0%| F|  |TAMS 0x00000000a5700000, 0x00000000a5700000| Untracked 
|  64|0x00000000a5800000, 0x00000000a5800000, 0x00000000a5900000|  0%| F|  |TAMS 0x00000000a5800000, 0x00000000a5800000| Untracked 
|  65|0x00000000a5900000, 0x00000000a5900000, 0x00000000a5a00000|  0%| F|  |TAMS 0x00000000a5900000, 0x00000000a5900000| Untracked 
|  66|0x00000000a5a00000, 0x00000000a5a00000, 0x00000000a5b00000|  0%| F|  |TAMS 0x00000000a5a00000, 0x00000000a5a00000| Untracked 
|  67|0x00000000a5b00000, 0x00000000a5b00000, 0x00000000a5c00000|  0%| F|  |TAMS 0x00000000a5b00000, 0x00000000a5b00000| Untracked 
|  68|0x00000000a5c00000, 0x00000000a5c00000, 0x00000000a5d00000|  0%| F|  |TAMS 0x00000000a5c00000, 0x00000000a5c00000| Untracked 
|  69|0x00000000a5d00000, 0x00000000a5d00000, 0x00000000a5e00000|  0%| F|  |TAMS 0x00000000a5d00000, 0x00000000a5d00000| Untracked 
|  70|0x00000000a5e00000, 0x00000000a5e00000, 0x00000000a5f00000|  0%| F|  |TAMS 0x00000000a5e00000, 0x00000000a5e00000| Untracked 
|  71|0x00000000a5f00000, 0x00000000a5f00000, 0x00000000a6000000|  0%| F|  |TAMS 0x00000000a5f00000, 0x00000000a5f00000| Untracked 
|  72|0x00000000a6000000, 0x00000000a6000000, 0x00000000a6100000|  0%| F|  |TAMS 0x00000000a6000000, 0x00000000a6000000| Untracked 
|  73|0x00000000a6100000, 0x00000000a6100000, 0x00000000a6200000|  0%| F|  |TAMS 0x00000000a6100000, 0x00000000a6100000| Untracked 
|  74|0x00000000a6200000, 0x00000000a6200000, 0x00000000a6300000|  0%| F|  |TAMS 0x00000000a6200000, 0x00000000a6200000| Untracked 
|  75|0x00000000a6300000, 0x00000000a6300000, 0x00000000a6400000|  0%| F|  |TAMS 0x00000000a6300000, 0x00000000a6300000| Untracked 
|  76|0x00000000a6400000, 0x00000000a6400000, 0x00000000a6500000|  0%| F|  |TAMS 0x00000000a6400000, 0x00000000a6400000| Untracked 
|  77|0x00000000a6500000, 0x00000000a6500000, 0x00000000a6600000|  0%| F|  |TAMS 0x00000000a6500000, 0x00000000a6500000| Untracked 
|  78|0x00000000a6600000, 0x00000000a6600000, 0x00000000a6700000|  0%| F|  |TAMS 0x00000000a6600000, 0x00000000a6600000| Untracked 
|  79|0x00000000a6700000, 0x00000000a6700000, 0x00000000a6800000|  0%| F|  |TAMS 0x00000000a6700000, 0x00000000a6700000| Untracked 
|  80|0x00000000a6800000, 0x00000000a6800000, 0x00000000a6900000|  0%| F|  |TAMS 0x00000000a6800000, 0x00000000a6800000| Untracked 
|  81|0x00000000a6900000, 0x00000000a6900000, 0x00000000a6a00000|  0%| F|  |TAMS 0x00000000a6900000, 0x00000000a6900000| Untracked 
|  82|0x00000000a6a00000, 0x00000000a6a00000, 0x00000000a6b00000|  0%| F|  |TAMS 0x00000000a6a00000, 0x00000000a6a00000| Untracked 
|  83|0x00000000a6b00000, 0x00000000a6b00000, 0x00000000a6c00000|  0%| F|  |TAMS 0x00000000a6b00000, 0x00000000a6b00000| Untracked 
|  84|0x00000000a6c00000, 0x00000000a6c00000, 0x00000000a6d00000|  0%| F|  |TAMS 0x00000000a6c00000, 0x00000000a6c00000| Untracked 
|  85|0x00000000a6d00000, 0x00000000a6d00000, 0x00000000a6e00000|  0%| F|  |TAMS 0x00000000a6d00000, 0x00000000a6d00000| Untracked 
|  86|0x00000000a6e00000, 0x00000000a6e00000, 0x00000000a6f00000|  0%| F|  |TAMS 0x00000000a6e00000, 0x00000000a6e00000| Untracked 
|  87|0x00000000a6f00000, 0x00000000a7000000, 0x00000000a7000000|100%| E|  |TAMS 0x00000000a6f00000, 0x00000000a6f00000| Complete 
|  88|0x00000000a7000000, 0x00000000a7100000, 0x00000000a7100000|100%| E|CS|TAMS 0x00000000a7000000, 0x00000000a7000000| Complete 
|  89|0x00000000a7100000, 0x00000000a7200000, 0x00000000a7200000|100%| E|CS|TAMS 0x00000000a7100000, 0x00000000a7100000| Complete 
|  90|0x00000000a7200000, 0x00000000a7300000, 0x00000000a7300000|100%| E|CS|TAMS 0x00000000a7200000, 0x00000000a7200000| Complete 
|  91|0x00000000a7300000, 0x00000000a7400000, 0x00000000a7400000|100%| S|CS|TAMS 0x00000000a7300000, 0x00000000a7300000| Complete 
|  92|0x00000000a7400000, 0x00000000a7500000, 0x00000000a7500000|100%| E|CS|TAMS 0x00000000a7400000, 0x00000000a7400000| Complete 
|  93|0x00000000a7500000, 0x00000000a7600000, 0x00000000a7600000|100%| E|CS|TAMS 0x00000000a7500000, 0x00000000a7500000| Complete 
|  94|0x00000000a7600000, 0x00000000a7700000, 0x00000000a7700000|100%| E|CS|TAMS 0x00000000a7600000, 0x00000000a7600000| Complete 
|  95|0x00000000a7700000, 0x00000000a7800000, 0x00000000a7800000|100%| E|CS|TAMS 0x00000000a7700000, 0x00000000a7700000| Complete 

Card table byte_map: [0x000001d1dd170000,0x000001d1dd470000] _byte_map_base: 0x000001d1dcc64000

Marking Bits (Prev, Next): (CMBitMap*) 0x000001d1c5aa3d68, (CMBitMap*) 0x000001d1c5aa3da0
 Prev Bits: [0x000001d1dd770000, 0x000001d1def10000)
 Next Bits: [0x000001d1def10000, 0x000001d1e06b0000)

Polling page: 0x000001d1c5240000

Metaspace:

Usage:
  Non-class:     11.13 MB capacity,    10.87 MB ( 98%) used,   235.91 KB (  2%) free+waste,    32.50 KB ( <1%) overhead. 
      Class:      1.39 MB capacity,     1.28 MB ( 92%) used,    95.70 KB (  7%) free+waste,    16.06 KB (  1%) overhead. 
       Both:     12.52 MB capacity,    12.15 MB ( 97%) used,   331.60 KB (  3%) free+waste,    48.56 KB ( <1%) overhead. 

Virtual space:
  Non-class space:       12.00 MB reserved,      11.25 MB ( 94%) committed 
      Class space:        1.00 GB reserved,       1.50 MB ( <1%) committed 
             Both:        1.01 GB reserved,      12.75 MB (  1%) committed 

Chunk freelists:
   Non-Class:  7.63 KB
       Class:  128 bytes
        Both:  7.75 KB

CodeHeap 'non-profiled nmethods': size=238912Kb used=1495Kb max_used=1495Kb free=237416Kb
 bounds [0x000001d1ce520000, 0x000001d1ce790000, 0x000001d1dce70000]
CodeHeap 'non-nmethods': size=6848Kb used=1099Kb max_used=1099Kb free=5748Kb
 bounds [0x000001d1cde70000, 0x000001d1ce0e0000, 0x000001d1ce520000]
 total_blobs=1497 nmethods=1078 adapters=330
 compilation: enabled
              stopped_count=0, restarted_count=0
 full_count=0

Compilation events (10 events):
Event: 8.480 Thread 0x000001d1e2ba8000 1071       1       jdk.internal.org.objectweb.asm.MethodWriter::getSize (838 bytes)
Event: 8.484 Thread 0x000001d1e2ba8000 nmethod 1071 0x000001d1ce691410 code [0x000001d1ce691780, 0x000001d1ce6924f0]
Event: 8.484 Thread 0x000001d1e2ba8000 1073       1       sun.invoke.util.VerifyAccess::isMemberAccessible (313 bytes)
Event: 8.486 Thread 0x000001d1e2ba8000 nmethod 1073 0x000001d1ce693110 code [0x000001d1ce693460, 0x000001d1ce6940f0]
Event: 8.553 Thread 0x000001d1e2ba8000 1076       1       java.lang.StringCoding$Result::with (12 bytes)
Event: 8.553 Thread 0x000001d1e2ba8000 nmethod 1076 0x000001d1ce694810 code [0x000001d1ce6949a0, 0x000001d1ce694b18]
Event: 8.553 Thread 0x000001d1e2ba8000 1078       1       java.util.WeakHashMap::put (162 bytes)
Event: 8.554 Thread 0x000001d1e2ba8000 nmethod 1078 0x000001d1ce694b90 code [0x000001d1ce694da0, 0x000001d1ce695480]
Event: 8.554 Thread 0x000001d1e2ba8000 1077       1       java.lang.StringCoding::decodeUTF8 (45 bytes)
Event: 8.554 Thread 0x000001d1e2ba8000 nmethod 1077 0x000001d1ce695710 code [0x000001d1ce6958e0, 0x000001d1ce695b70]

GC Heap History (4 events):
Event: 2.586 GC heap before
{Heap before GC invocations=0 (full 0):
 garbage-first heap   total 98304K, used 14336K [0x00000000a1800000, 0x0000000100000000)
  region size 1024K, 14 young (14336K), 0 survivors (0K)
 Metaspace       used 6087K, capacity 6174K, committed 6272K, reserved 1056768K
  class space    used 538K, capacity 567K, committed 640K, reserved 1048576K
}
Event: 2.736 GC heap after
{Heap after GC invocations=1 (full 0):
 garbage-first heap   total 98304K, used 11956K [0x00000000a1800000, 0x0000000100000000)
  region size 1024K, 2 young (2048K), 2 survivors (2048K)
 Metaspace       used 6087K, capacity 6174K, committed 6272K, reserved 1056768K
  class space    used 538K, capacity 567K, committed 640K, reserved 1048576K
}
Event: 2.773 GC heap before
{Heap before GC invocations=1 (full 0):
 garbage-first heap   total 98304K, used 15028K [0x00000000a1800000, 0x0000000100000000)
  region size 1024K, 6 young (6144K), 2 survivors (2048K)
 Metaspace       used 6088K, capacity 6174K, committed 6272K, reserved 1056768K
  class space    used 538K, capacity 567K, committed 640K, reserved 1048576K
}
Event: 2.778 GC heap after
{Heap after GC invocations=2 (full 0):
 garbage-first heap   total 98304K, used 16384K [0x00000000a1800000, 0x0000000100000000)
  region size 1024K, 1 young (1024K), 1 survivors (1024K)
 Metaspace       used 6088K, capacity 6174K, committed 6272K, reserved 1056768K
  class space    used 538K, capacity 567K, committed 640K, reserved 1048576K
}

Deoptimization events (0 events):
No events

Classes redefined (0 events):
No events

Internal exceptions (10 events):
Event: 5.096 Thread 0x000001d1c5a6e000 Exception <a 'java/lang/NoSuchMethodError'{0x00000000a72e2bc8}: java.lang.invoke.DirectMethodHandle$Holder.invokeSpecialIFC(Ljava/lang/Object;Ljava/lang/Object;Ljava/lang/Object;)I> (0x00000000a72e2bc8) thrown at [./open/src/hotspot/share/interpreter/link
Event: 5.477 Thread 0x000001d1c5a6e000 Exception <a 'java/lang/NoSuchMethodError'{0x00000000a7149ce8}: java.lang.invoke.DirectMethodHandle$Holder.invokeStatic(Ljava/lang/Object;IIII)Ljava/lang/Object;> (0x00000000a7149ce8) thrown at [./open/src/hotspot/share/interpreter/linkResolver.cpp, line 
Event: 5.478 Thread 0x000001d1c5a6e000 Exception <a 'java/lang/NoSuchMethodError'{0x00000000a714ce00}: java.lang.invoke.DirectMethodHandle$Holder.invokeStaticInit(Ljava/lang/Object;IIII)Ljava/lang/Object;> (0x00000000a714ce00) thrown at [./open/src/hotspot/share/interpreter/linkResolver.cpp, l
Event: 6.691 Thread 0x000001d1c5a6e000 Exception <a 'java/lang/NoSuchMethodError'{0x00000000a71809c0}: java.lang.invoke.DirectMethodHandle$Holder.invokeStatic(Ljava/lang/Object;Ljava/lang/Object;IIII)Ljava/lang/Object;> (0x00000000a71809c0) thrown at [./open/src/hotspot/share/interpreter/linkR
Event: 6.691 Thread 0x000001d1c5a6e000 Exception <a 'java/lang/NoSuchMethodError'{0x00000000a7183d08}: java.lang.invoke.DirectMethodHandle$Holder.invokeStaticInit(Ljava/lang/Object;Ljava/lang/Object;IIII)Ljava/lang/Object;> (0x00000000a7183d08) thrown at [./open/src/hotspot/share/interpreter/l
Event: 6.833 Thread 0x000001d1c5a6e000 Exception <a 'java/lang/ClassNotFoundException'{0x00000000a71a17a0}: javax/management/remote/rmi/RMIServerImpl_Skel> (0x00000000a71a17a0) thrown at [./open/src/hotspot/share/classfile/systemDictionary.cpp, line 228]
Event: 8.292 Thread 0x000001d1e4526800 Exception <a 'java/lang/NoSuchMethodError'{0x00000000a7092780}: java.lang.invoke.DirectMethodHandle$Holder.invokeStatic(Ljava/lang/Object;Ljava/lang/Object;Ljava/lang/Object;Ljava/lang/Object;Ljava/lang/Object;Ljava/lang/Object;Ljava/lang/Object;Ljava/lan
Event: 8.293 Thread 0x000001d1e4526800 Exception <a 'java/lang/NoSuchMethodError'{0x00000000a709f500}: java.lang.invoke.DirectMethodHandle$Holder.invokeStatic(Ljava/lang/Object;Ljava/lang/Object;Ljava/lang/Object;Ljava/lang/Object;Ljava/lang/Object;Ljava/lang/Object;Ljava/lang/Object;Ljava/lan
Event: 8.295 Thread 0x000001d1e4526800 Exception <a 'java/lang/NoSuchMethodError'{0x00000000a70b9218}: java.lang.invoke.DelegatingMethodHandle$Holder.reinvoke_L(Ljava/lang/Object;ILjava/lang/Object;)Ljava/lang/Object;> (0x00000000a70b9218) thrown at [./open/src/hotspot/share/interpreter/linkRe
Event: 8.399 Thread 0x000001d1c5a6e000 Exception <a 'java/lang/ClassNotFoundException'{0x00000000a70f79f8}: jdk/internal/agent/resources/spi/agentProvider> (0x00000000a70f79f8) thrown at [./open/src/hotspot/share/classfile/systemDictionary.cpp, line 228]

Events (10 events):
Event: 8.552 loading class org/apache/logging/log4j/spi/ExtendedLogger
Event: 8.552 loading class org/apache/logging/log4j/spi/ExtendedLogger done
Event: 8.572 loading class org/apache/logging/log4j/Logger
Event: 8.572 loading class org/apache/logging/log4j/Logger done
Event: 8.595 loading class org/apache/logging/slf4j/SLF4JProvider
Event: 8.595 loading class org/apache/logging/slf4j/SLF4JProvider done
Event: 8.596 loading class org/apache/logging/log4j/spi/Provider
Event: 8.596 loading class org/apache/logging/log4j/spi/Provider done
Event: 8.598 Thread 0x000001d1e4605000 Thread added: 0x000001d1e4605000
Event: 8.598 Executing VM operation: RevokeBias


Dynamic libraries:
0x00007ff6b3a90000 - 0x00007ff6b3ad7000 	C:\Program Files\Java\jdk-11.0.7\bin\javaw.exe
0x00007ffe0fef0000 - 0x00007ffe100e6000 	C:\WINDOWS\SYSTEM32\ntdll.dll
0x00007ffe0f340000 - 0x00007ffe0f3fd000 	C:\WINDOWS\System32\KERNEL32.DLL
0x00007ffe0d8c0000 - 0x00007ffe0db89000 	C:\WINDOWS\System32\KERNELBASE.dll
0x00007ffe0ee70000 - 0x00007ffe0ef1c000 	C:\WINDOWS\System32\ADVAPI32.dll
0x00007ffe0ed20000 - 0x00007ffe0edbe000 	C:\WINDOWS\System32\msvcrt.dll
0x00007ffe0f130000 - 0x00007ffe0f1cc000 	C:\WINDOWS\System32\sechost.dll
0x00007ffe0e7d0000 - 0x00007ffe0e8fb000 	C:\WINDOWS\System32\RPCRT4.dll
0x00007ffe0e900000 - 0x00007ffe0eaa0000 	C:\WINDOWS\System32\USER32.dll
0x00007ffe0dcc0000 - 0x00007ffe0dce2000 	C:\WINDOWS\System32\win32u.dll
0x00007ffe0f260000 - 0x00007ffe0f28a000 	C:\WINDOWS\System32\GDI32.dll
0x00007ffe0d6d0000 - 0x00007ffe0d7db000 	C:\WINDOWS\System32\gdi32full.dll
0x00007ffe0d630000 - 0x00007ffe0d6cd000 	C:\WINDOWS\System32\msvcp_win.dll
0x00007ffe0de50000 - 0x00007ffe0df50000 	C:\WINDOWS\System32\ucrtbase.dll
0x00007ffdffb20000 - 0x00007ffdffdbb000 	C:\WINDOWS\WinSxS\amd64_microsoft.windows.common-controls_6595b64144ccf1df_6.0.19041.746_none_ca02b4b61b8320a4\COMCTL32.dll
0x00007ffe056c0000 - 0x00007ffe056ca000 	C:\WINDOWS\SYSTEM32\VERSION.dll
0x00007ffe0ecf0000 - 0x00007ffe0ed20000 	C:\WINDOWS\System32\IMM32.DLL
0x00007ffe09380000 - 0x00007ffe09396000 	C:\Program Files\Java\jdk-11.0.7\bin\vcruntime140.dll
0x00007ffdf5ed0000 - 0x00007ffdf5f7a000 	C:\Program Files\Java\jdk-11.0.7\bin\msvcp140.dll
0x00007ffdf4c30000 - 0x00007ffdf5791000 	C:\Program Files\Java\jdk-11.0.7\bin\server\jvm.dll
0x00007ffe0fea0000 - 0x00007ffe0fea8000 	C:\WINDOWS\System32\PSAPI.DLL
0x00007ffe008d0000 - 0x00007ffe008f7000 	C:\WINDOWS\SYSTEM32\WINMM.dll
0x00007ffdfb8e0000 - 0x00007ffdfb8e9000 	C:\WINDOWS\SYSTEM32\WSOCK32.dll
0x00007ffe0ef20000 - 0x00007ffe0ef8b000 	C:\WINDOWS\System32\WS2_32.dll
0x00007ffe0b480000 - 0x00007ffe0b492000 	C:\WINDOWS\SYSTEM32\kernel.appcore.dll
0x00007ffdfe6c0000 - 0x00007ffdfe6d1000 	C:\Program Files\Java\jdk-11.0.7\bin\verify.dll
0x00007ffdf1a60000 - 0x00007ffdf1c44000 	C:\WINDOWS\SYSTEM32\DBGHELP.DLL
0x00007ffdff970000 - 0x00007ffdff99c000 	C:\WINDOWS\SYSTEM32\dbgcore.DLL
0x00007ffe0d840000 - 0x00007ffe0d8c0000 	C:\WINDOWS\System32\bcryptPrimitives.dll
0x00007ffdf63d0000 - 0x00007ffdf63f9000 	C:\Program Files\Java\jdk-11.0.7\bin\java.dll
0x00007ffe09370000 - 0x00007ffe0937a000 	C:\Program Files\Java\jdk-11.0.7\bin\jimage.dll
0x00007ffdf5eb0000 - 0x00007ffdf5ec6000 	C:\Program Files\Java\jdk-11.0.7\bin\zip.dll
0x00007ffe0e080000 - 0x00007ffe0e7c2000 	C:\WINDOWS\System32\SHELL32.dll
0x00007ffe0b760000 - 0x00007ffe0bef0000 	C:\WINDOWS\SYSTEM32\windows.storage.dll
0x00007ffe0f540000 - 0x00007ffe0f896000 	C:\WINDOWS\System32\combase.dll
0x00007ffe0cfc0000 - 0x00007ffe0cfec000 	C:\WINDOWS\SYSTEM32\Wldp.dll
0x00007ffe0f290000 - 0x00007ffe0f33e000 	C:\WINDOWS\System32\SHCORE.dll
0x00007ffe0fe40000 - 0x00007ffe0fe95000 	C:\WINDOWS\System32\shlwapi.dll
0x00007ffe0d560000 - 0x00007ffe0d586000 	C:\WINDOWS\SYSTEM32\profapi.dll
0x00007ffdf5e10000 - 0x00007ffdf5e29000 	C:\Program Files\Java\jdk-11.0.7\bin\net.dll
0x00007ffe08730000 - 0x00007ffe08830000 	C:\WINDOWS\SYSTEM32\WINHTTP.dll
0x00007ffe0cd40000 - 0x00007ffe0cdaa000 	C:\WINDOWS\system32\mswsock.dll
0x00007ffdf5df0000 - 0x00007ffdf5e03000 	C:\Program Files\Java\jdk-11.0.7\bin\nio.dll
0x00007ffdfe690000 - 0x00007ffdfe699000 	C:\Program Files\Java\jdk-11.0.7\bin\management.dll
0x00007ffdf7a80000 - 0x00007ffdf7a8c000 	C:\Program Files\Java\jdk-11.0.7\bin\management_ext.dll
0x00007ffdffa60000 - 0x00007ffdffa77000 	C:\WINDOWS\system32\napinsp.dll
0x00007ffdffa40000 - 0x00007ffdffa5b000 	C:\WINDOWS\system32\pnrpnsp.dll
0x00007ffdffa20000 - 0x00007ffdffa35000 	C:\WINDOWS\system32\wshbth.dll
0x00007ffe09150000 - 0x00007ffe0916d000 	C:\WINDOWS\system32\NLAapi.dll
0x00007ffe0ca30000 - 0x00007ffe0ca6b000 	C:\WINDOWS\SYSTEM32\IPHLPAPI.DLL
0x00007ffe0ca70000 - 0x00007ffe0cb3b000 	C:\WINDOWS\SYSTEM32\DNSAPI.dll
0x00007ffe0eb30000 - 0x00007ffe0eb38000 	C:\WINDOWS\System32\NSI.dll
0x00007ffdffa00000 - 0x00007ffdffa12000 	C:\WINDOWS\System32\winrnr.dll
0x00007ffdfdf50000 - 0x00007ffdfdf5a000 	C:\Windows\System32\rasadhlp.dll
0x00007ffdfe4c0000 - 0x00007ffdfe53f000 	C:\WINDOWS\System32\fwpuclnt.dll
0x00007ffe0dc90000 - 0x00007ffe0dcb7000 	C:\WINDOWS\System32\bcrypt.dll
0x00007ffe0cf10000 - 0x00007ffe0cf28000 	C:\WINDOWS\SYSTEM32\CRYPTSP.dll
0x00007ffe0c6e0000 - 0x00007ffe0c714000 	C:\WINDOWS\system32\rsaenh.dll
0x00007ffe0d520000 - 0x00007ffe0d54e000 	C:\WINDOWS\SYSTEM32\USERENV.dll
0x00007ffe0cf30000 - 0x00007ffe0cf3c000 	C:\WINDOWS\SYSTEM32\CRYPTBASE.dll
0x00007ffe05e20000 - 0x00007ffe05e37000 	C:\WINDOWS\SYSTEM32\dhcpcsvc6.DLL
0x00007ffe069e0000 - 0x00007ffe069fd000 	C:\WINDOWS\SYSTEM32\dhcpcsvc.DLL

dbghelp: loaded successfully - version: 4.0.5 - missing functions: none
symbol engine: initialized successfully - sym options: 0x614 - pdb path: .;C:\Program Files\Java\jdk-11.0.7\bin;C:\WINDOWS\SYSTEM32;C:\WINDOWS\WinSxS\amd64_microsoft.windows.common-controls_6595b64144ccf1df_6.0.19041.746_none_ca02b4b61b8320a4;C:\Program Files\Java\jdk-11.0.7\bin\server

VM Arguments:
jvm_args: -Dcom.sun.management.jmxremote -Dcom.sun.management.jmxremote.port=50854 -Dcom.sun.management.jmxremote.authenticate=false -Dcom.sun.management.jmxremote.ssl=false -Djava.rmi.server.hostname=localhost -Dspring.jmx.enabled=true -Dspring.application.admin.enabled=true -Xverify:none -XX:TieredStopAtLevel=1 -Dspring.boot.project.name=Loja -Dfile.encoding=UTF-8 
java_command: com.josevitor.loja.LojaApplication --spring.output.ansi.enabled=always
java_class_path (initial): C:\Users\jose_vitor\Desktop\Workspace_Spring\Loja\target\classes;C:\Users\jose_vitor\.m2\repository\org\springframework\boot\spring-boot-starter-web\2.3.0.RELEASE\spring-boot-starter-web-2.3.0.RELEASE.jar;C:\Users\jose_vitor\.m2\repository\org\springframework\boot\spring-boot-starter\2.3.0.RELEASE\spring-boot-starter-2.3.0.RELEASE.jar;C:\Users\jose_vitor\.m2\repository\org\springframework\boot\spring-boot-starter-logging\2.3.0.RELEASE\spring-boot-starter-logging-2.3.0.RELEASE.jar;C:\Users\jose_vitor\.m2\repository\ch\qos\logback\logback-classic\1.2.3\logback-classic-1.2.3.jar;C:\Users\jose_vitor\.m2\repository\ch\qos\logback\logback-core\1.2.3\logback-core-1.2.3.jar;C:\Users\jose_vitor\.m2\repository\org\apache\logging\log4j\log4j-to-slf4j\2.13.2\log4j-to-slf4j-2.13.2.jar;C:\Users\jose_vitor\.m2\repository\org\apache\logging\log4j\log4j-api\2.13.2\log4j-api-2.13.2.jar;C:\Users\jose_vitor\.m2\repository\org\slf4j\jul-to-slf4j\1.7.30\jul-to-slf4j-1.7.30.jar;C:\Users\jose_vitor\.m2\repository\jakarta\annotation\jakarta.annotation-api\1.3.5\jakarta.annotation-api-1.3.5.jar;C:\Users\jose_vitor\.m2\repository\org\yaml\snakeyaml\1.26\snakeyaml-1.26.jar;C:\Users\jose_vitor\.m2\repository\org\springframework\boot\spring-boot-starter-json\2.3.0.RELEASE\spring-boot-starter-json-2.3.0.RELEASE.jar;C:\Users\jose_vitor\.m2\repository\com\fasterxml\jackson\datatype\jackson-datatype-jdk8\2.11.0\jackson-datatype-jdk8-2.11.0.jar;C:\Users\jose_vitor\.m2\repository\com\fasterxml\jackson\datatype\jackson-datatype-jsr310\2.11.0\jackson-datatype-jsr310-2.11.0.jar;C:\Users\jose_vitor\.m2\repository\com\fasterxml\jackson\module\jackson-module-parameter-names\2.11.0\jackson-module-parameter-names-2.11.0.jar;C:\Users\jose_vitor\.m2\repository\org\springframework\boot\spring-boot-starter-tomcat\2.3.0.RELEASE\spring-boot-starter-tomcat-2.3.0.RELEASE.jar;C:\Users\jose_vitor\.m2\repository\org\apache\tomcat\embed\tomcat-embed-core\9.0.35\tomcat-embed-core-9.0.35.jar;C:
Launcher Type: SUN_STANDARD

[Global flags]
     bool BytecodeVerificationLocal                = false                                     {product} {command line}
     bool BytecodeVerificationRemote               = false                                     {product} {command line}
     intx CICompilerCount                          = 3                                         {product} {ergonomic}
     uint ConcGCThreads                            = 1                                         {product} {ergonomic}
     uint G1ConcRefinementThreads                  = 4                                         {product} {ergonomic}
   size_t G1HeapRegionSize                         = 1048576                                   {product} {ergonomic}
    uintx GCDrainStackTargetSize                   = 64                                        {product} {ergonomic}
   size_t InitialHeapSize                          = 100663296                                 {product} {ergonomic}
     bool ManagementServer                         = true                                      {product} {command line}
   size_t MarkStackSize                            = 4194304                                   {product} {ergonomic}
   size_t MaxHeapSize                              = 1585446912                                {product} {ergonomic}
   size_t MaxNewSize                               = 951058432                                 {product} {ergonomic}
   size_t MinHeapDeltaBytes                        = 1048576                                   {product} {ergonomic}
    uintx NonNMethodCodeHeapSize                   = 6973028                                {pd product} {ergonomic}
    uintx NonProfiledCodeHeapSize                  = 244685212                              {pd product} {ergonomic}
    uintx ProfiledCodeHeapSize                     = 0                                      {pd product} {ergonomic}
    uintx ReservedCodeCacheSize                    = 251658240                              {pd product} {ergonomic}
     bool SegmentedCodeCache                       = true                                      {product} {ergonomic}
     intx TieredStopAtLevel                        = 1                                         {product} {command line}
     bool UseCompressedClassPointers               = true                                 {lp64_product} {ergonomic}
     bool UseCompressedOops                        = true                                 {lp64_product} {ergonomic}
     bool UseG1GC                                  = true                                      {product} {ergonomic}
     bool UseLargePagesIndividualAllocation        = false                                  {pd product} {ergonomic}

Logging:
Log output configuration:
 #0: stdout all=warning uptime,level,tags
 #1: stderr all=off uptime,level,tags

Environment Variables:
JAVA_HOME=C:\Program Files\Java\jdk-11.0.7
PATH=C:/Program Files/Java/jre1.8.0_111/bin/server;C:/Program Files/Java/jre1.8.0_111/bin;C:/Program Files/Java/jre1.8.0_111/lib/amd64;C:\ProgramData\Oracle\Java\javapath;C:\WINDOWS\system32;C:\WINDOWS;C:\WINDOWS\System32\Wbem;C:\WINDOWS\System32\WindowsPowerShell\v1.0\;C:\WINDOWS\System32\OpenSSH\;C:\Program Files\Git\cmd;C:\Program Files\Microsoft SQL Server\130\Tools\Binn\;C:\Program Files\Microsoft SQL Server\Client SDK\ODBC\170\Tools\Binn\;C:\Program Files\dotnet\;C:\Program Files\Java\jdk-11.0.7\bin;C:\Program Files\MySQL\MySQL Shell 8.0\bin\;C:\Users\jose_vitor\AppData\Local\Microsoft\WindowsApps;C:\Users\jose_vitor\AppData\Local\GitHubDesktop\bin;C:\Program Files\Java\jdk-11.0.7\bin;;%USERPROFILE%\AppData\Local\Microsoft\WindowsApps;C:\Users\jose_vitor\Desktop\sts-4.6.2.RELEASE;
USERNAME=jose_vitor
OS=Windows_NT
PROCESSOR_IDENTIFIER=Intel64 Family 6 Model 58 Stepping 9, GenuineIntel



---------------  S Y S T E M  ---------------

OS: Windows 10 , 64 bit Build 19041 (10.0.19041.804)

CPU:total 4 (initial active 4) (2 cores per cpu, 2 threads per core) family 6 model 58 stepping 9, cmov, cx8, fxsr, mmx, sse, sse2, sse3, ssse3, sse4.1, sse4.2, popcnt, avx, aes, clmul, erms, ht, tsc, tscinvbit, tscinv

Memory: 4k page, system-wide physical 6041M (1404M free)
TotalPageFile size 7036M (AvailPageFile size 1609M)
current process WorkingSet (physical memory assigned to process): 77M, peak: 77M
current process commit charge ("private bytes"): 183M, peak: 183M

vm_info: Java HotSpot(TM) 64-Bit Server VM (11.0.7+8-LTS) for windows-amd64 JRE (11.0.7+8-LTS), built on Mar 12 2020 02:04:32 by "mach5one" with MS VC++ 15.5 (VS2017)

END.
