#
# A fatal error has been detected by the Java Runtime Environment:
#
#  EXCEPTION_ACCESS_VIOLATION (0xc0000005) at pc=0x00007ff973d23936, pid=7792, tid=11528
#
# JRE version: Java(TM) SE Runtime Environment 18.9 (11.0.7+8) (build 11.0.7+8-LTS)
# Java VM: Java HotSpot(TM) 64-Bit Server VM 18.9 (11.0.7+8-LTS, mixed mode, tiered, compressed oops, g1 gc, windows-amd64)
# Problematic frame:
# V  [jvm.dll+0x6f3936]
#
# No core dump will be written. Minidumps are not enabled by default on client versions of Windows
#
# If you would like to submit a bug report, please visit:
#   https://bugreport.java.com/bugreport/crash.jsp
#

---------------  S U M M A R Y ------------

Command Line: -Dcom.sun.management.jmxremote -Dcom.sun.management.jmxremote.port=54670 -Dcom.sun.management.jmxremote.authenticate=false -Dcom.sun.management.jmxremote.ssl=false -Djava.rmi.server.hostname=localhost -Dspring.jmx.enabled=true -Dspring.application.admin.enabled=true -Xverify:none -XX:TieredStopAtLevel=1 -Dspring.boot.project.name=Loja -Dfile.encoding=UTF-8 com.josevitor.loja.LojaApplication --spring.output.ansi.enabled=always

Host: Intel(R) Core(TM) i5-3337U CPU @ 1.80GHz, 4 cores, 5G,  Windows 10 , 64 bit Build 18362 (10.0.18362.959)
Time: Sat Aug 22 21:29:38 2020 Hora oficial do Brasil elapsed time: 2 seconds (0d 0h 0m 2s)

---------------  T H R E A D  ---------------

Current thread (0x000001f481980000):  WatcherThread [stack: 0x00000045f6a00000,0x00000045f6b00000] [id=11528]

Stack: [0x00000045f6a00000,0x00000045f6b00000],  sp=0x00000045f6aff940,  free space=1022k
Native frames: (J=compiled Java code, j=interpreted, Vv=VM code, C=native code)
V  [jvm.dll+0x6f3936]
V  [jvm.dll+0x73fc7d]
V  [jvm.dll+0x765fe9]
V  [jvm.dll+0x75e875]
V  [jvm.dll+0x660b26]
C  [ucrtbase.dll+0x20e82]
C  [KERNEL32.DLL+0x17bd4]
C  [ntdll.dll+0x6ce51]


siginfo: EXCEPTION_ACCESS_VIOLATION (0xc0000005), reading address 0x0000000400000003


Register to memory mapping:

RIP=0x00007ff973d23936 jvm.dll
RAX=0x0000000400000003 is an unknown value
RBX=0x0 is NULL
RCX=0x000001f481967680 points into unknown readable memory: e8 4a f3 73 f9 7f 00 00
RDX=0x0000000000000032 is an unknown value
RSP=0x00000045f6aff940 points into unknown readable memory: 00 00 98 81 f4 01 00 00
RBP=0x0000000000000002 is an unknown value
RSI=0x000001f4818cbc70 points into unknown readable memory: 03 00 00 00 04 00 00 00
RDI=0x0000000000000001 is an unknown value
R8 =0x0 is NULL
R9 =0x000001f4eaa80b80 is at begin+0 in a stub
StubRoutines::atomic_cmpxchg_long [0x000001f4eaa80b80, 0x000001f4eaa80b89[ (9 bytes)
R10=0x00000000546c6148 is an unknown value
R11=0x0000000d87b57fd9 is an unknown value
R12=0x0 is NULL
R13=0x000001f481980000 points into unknown readable memory: 18 92 f3 73 f9 7f 00 00
R14=0x0000000000000032 is an unknown value
R15=0x000001f481810ca0 points into unknown readable memory: 00 00 00 00 00 00 00 00


Registers:
RAX=0x0000000400000003, RBX=0x0000000000000000, RCX=0x000001f481967680, RDX=0x0000000000000032
RSP=0x00000045f6aff940, RBP=0x0000000000000002, RSI=0x000001f4818cbc70, RDI=0x0000000000000001
R8 =0x0000000000000000, R9 =0x000001f4eaa80b80, R10=0x00000000546c6148, R11=0x0000000d87b57fd9
R12=0x0000000000000000, R13=0x000001f481980000, R14=0x0000000000000032, R15=0x000001f481810ca0
RIP=0x00007ff973d23936, EFLAGS=0x0000000000010246

Top of Stack: (sp=0x00000045f6aff940)
0x00000045f6aff940:   000001f481980000 000001f481980000
0x00000045f6aff950:   0000190bc227ab3c 00007ff973c642d9
0x00000045f6aff960:   00007ff9740dabc8 00007ff973d6fc7d
0x00000045f6aff970:   000001f4e0e7d640 000001f4e0e7d640
0x00000045f6aff980:   000001f4e0e7d640 431bde82d7b634db
0x00000045f6aff990:   000001f481810ca0 0000190bc227ab3c
0x00000045f6aff9a0:   000001f4e0e7d640 00007ff973d95fe9
0x00000045f6aff9b0:   0000000000000001 0000000000000032
0x00000045f6aff9c0:   0000000000000032 0000000000000002
0x00000045f6aff9d0:   0000000000000000 0000000000000000
0x00000045f6aff9e0:   0000000000000000 0000000000000000
0x00000045f6aff9f0:   0000000000000000 0000000000000000
0x00000045f6affa00:   0000000000000000 0000000000000000
0x00000045f6affa10:   000001f481980000 0000000000000000
0x00000045f6affa20:   0000000000100000 00000045f6affbf0
0x00000045f6affa30:   00000045f6a00000 00007ff973d8e875 

Instructions: (pc=0x00007ff973d23936)
0x00007ff973d23916:   cc cc cc cc cc cc cc cc cc cc 48 89 5c 24 10 56
0x00007ff973d23926:   48 83 ec 20 48 8b 35 67 23 3b 00 33 db 48 8b 06
0x00007ff973d23936:   39 18 7e 27 48 89 7c 24 30 8b fb 48 8b 40 18 48
0x00007ff973d23946:   8b 0c 07 48 8b 01 ff 50 08 48 8b 06 48 8d 7f 08 


Stack slot to memory mapping:
stack at sp + 0 slots: 0x000001f481980000 points into unknown readable memory: 18 92 f3 73 f9 7f 00 00
stack at sp + 1 slots: 0x000001f481980000 points into unknown readable memory: 18 92 f3 73 f9 7f 00 00
stack at sp + 2 slots: 0x0000190bc227ab3c is an unknown value
stack at sp + 3 slots: 0x00007ff973c642d9 jvm.dll
stack at sp + 4 slots: 0x00007ff9740dabc8 jvm.dll
stack at sp + 5 slots: 0x00007ff973d6fc7d jvm.dll
stack at sp + 6 slots: 0x000001f4e0e7d640 points into unknown readable memory: 01 00 00 00 00 00 00 00
stack at sp + 7 slots: 0x000001f4e0e7d640 points into unknown readable memory: 01 00 00 00 00 00 00 00


---------------  P R O C E S S  ---------------

Threads class SMR info:
_java_thread_list=0x000001f48191c650, length=12, elements={
0x000001f4e0e81000, 0x000001f4ffede800, 0x000001f4ffee7000, 0x000001f480952800,
0x000001f480953000, 0x000001f4fff08000, 0x000001f4fff0e000, 0x000001f4ffe74000,
0x000001f480b47800, 0x000001f4818d5800, 0x000001f481919800, 0x000001f481971800
}

Java Threads: ( => current thread )
  0x000001f4e0e81000 JavaThread "main" [_thread_in_vm, id=11852, stack(0x00000045f5700000,0x00000045f5800000)]
  0x000001f4ffede800 JavaThread "Reference Handler" daemon [_thread_blocked, id=7560, stack(0x00000045f5e00000,0x00000045f5f00000)]
  0x000001f4ffee7000 JavaThread "Finalizer" daemon [_thread_blocked, id=12192, stack(0x00000045f5f00000,0x00000045f6000000)]
  0x000001f480952800 JavaThread "Signal Dispatcher" daemon [_thread_blocked, id=4704, stack(0x00000045f6000000,0x00000045f6100000)]
  0x000001f480953000 JavaThread "Attach Listener" daemon [_thread_blocked, id=12408, stack(0x00000045f6100000,0x00000045f6200000)]
  0x000001f4fff08000 JavaThread "C1 CompilerThread0" daemon [_thread_blocked, id=11788, stack(0x00000045f6200000,0x00000045f6300000)]
  0x000001f4fff0e000 JavaThread "Sweeper thread" daemon [_thread_blocked, id=8252, stack(0x00000045f6300000,0x00000045f6400000)]
  0x000001f4ffe74000 JavaThread "Common-Cleaner" daemon [_thread_blocked, id=4560, stack(0x00000045f6400000,0x00000045f6500000)]
  0x000001f480b47800 JavaThread "Service Thread" daemon [_thread_blocked, id=2124, stack(0x00000045f6500000,0x00000045f6600000)]
  0x000001f4818d5800 JavaThread "RMI TCP Accept-0" daemon [_thread_in_native, id=3244, stack(0x00000045f6700000,0x00000045f6800000)]
  0x000001f481919800 JavaThread "RMI TCP Accept-54670" daemon [_thread_in_native, id=4816, stack(0x00000045f6800000,0x00000045f6900000)]
  0x000001f481971800 JavaThread "RMI TCP Accept-0" daemon [_thread_in_native, id=10868, stack(0x00000045f6900000,0x00000045f6a00000)]

Other Threads:
  0x000001f4ffeb7000 VMThread "VM Thread" [stack: 0x00000045f5d00000,0x00000045f5e00000] [id=2140]
=>0x000001f481980000 WatcherThread [stack: 0x00000045f6a00000,0x00000045f6b00000] [id=11528]
  0x000001f4e0e99800 GCTaskThread "GC Thread#0" [stack: 0x00000045f5800000,0x00000045f5900000] [id=424]
  0x000001f48146d800 GCTaskThread "GC Thread#1" [stack: 0x00000045f6600000,0x00000045f6700000] [id=5752]
  0x000001f4e0ebf000 ConcurrentGCThread "G1 Main Marker" [stack: 0x00000045f5900000,0x00000045f5a00000] [id=12392]
  0x000001f4e0ec0000 ConcurrentGCThread "G1 Conc#0" [stack: 0x00000045f5a00000,0x00000045f5b00000] [id=4576]
  0x000001f4e0f34800 ConcurrentGCThread "G1 Refine#0" [stack: 0x00000045f5b00000,0x00000045f5c00000] [id=5716]
  0x000001f4e0f37800 ConcurrentGCThread "G1 Young RemSet Sampling" [stack: 0x00000045f5c00000,0x00000045f5d00000] [id=10044]

Threads with active compile tasks:

VM state:not at safepoint (normal execution)

VM Mutex/Monitor currently owned by a thread:  ([mutex/lock_event])
[0x000001f4e0e7d640] PeriodicTask_lock - owner thread: 0x000001f481980000

Heap address: 0x00000000a1800000, size: 1512 MB, Compressed Oops mode: 32-bit
Narrow klass base: 0x0000000000000000, Narrow klass shift: 3
Compressed class space size: 1073741824 Address: 0x0000000100000000

Heap:
 garbage-first heap   total 98304K, used 28849K [0x00000000a1800000, 0x0000000100000000)
  region size 1024K, 14 young (14336K), 2 survivors (2048K)
 Metaspace       used 13823K, capacity 14266K, committed 14464K, reserved 1062912K
  class space    used 1449K, capacity 1610K, committed 1664K, reserved 1048576K
Heap Regions: E=young(eden), S=young(survivor), O=old, HS=humongous(starts), HC=humongous(continues), CS=collection set, F=free, A=archive, TAMS=top-at-mark-start (previous, next)
|   0|0x00000000a1800000, 0x00000000a1900000, 0x00000000a1900000|100%|HS|  |TAMS 0x00000000a1800000, 0x00000000a1800000| Complete 
|   1|0x00000000a1900000, 0x00000000a1a00000, 0x00000000a1a00000|100%| O|  |TAMS 0x00000000a1900000, 0x00000000a1900000| Untracked 
|   2|0x00000000a1a00000, 0x00000000a1b00000, 0x00000000a1b00000|100%| O|  |TAMS 0x00000000a1a00000, 0x00000000a1a00000| Untracked 
|   3|0x00000000a1b00000, 0x00000000a1c00000, 0x00000000a1c00000|100%| O|  |TAMS 0x00000000a1b00000, 0x00000000a1b00000| Untracked 
|   4|0x00000000a1c00000, 0x00000000a1d00000, 0x00000000a1d00000|100%| O|  |TAMS 0x00000000a1c00000, 0x00000000a1c00000| Untracked 
|   5|0x00000000a1d00000, 0x00000000a1e00000, 0x00000000a1e00000|100%| O|  |TAMS 0x00000000a1d00000, 0x00000000a1d00000| Untracked 
|   6|0x00000000a1e00000, 0x00000000a1f00000, 0x00000000a1f00000|100%| O|  |TAMS 0x00000000a1e00000, 0x00000000a1e00000| Untracked 
|   7|0x00000000a1f00000, 0x00000000a2000000, 0x00000000a2000000|100%| O|  |TAMS 0x00000000a1f00000, 0x00000000a1f00000| Untracked 
|   8|0x00000000a2000000, 0x00000000a2100000, 0x00000000a2100000|100%| O|  |TAMS 0x00000000a2000000, 0x00000000a2000000| Untracked 
|   9|0x00000000a2100000, 0x00000000a2200000, 0x00000000a2200000|100%| O|  |TAMS 0x00000000a2100000, 0x00000000a2100000| Untracked 
|  10|0x00000000a2200000, 0x00000000a2300000, 0x00000000a2300000|100%| O|  |TAMS 0x00000000a2200000, 0x00000000a2200000| Untracked 
|  11|0x00000000a2300000, 0x00000000a2400000, 0x00000000a2400000|100%| O|  |TAMS 0x00000000a2300000, 0x00000000a2300000| Untracked 
|  12|0x00000000a2400000, 0x00000000a2500000, 0x00000000a2500000|100%| O|  |TAMS 0x00000000a2400000, 0x00000000a2400000| Untracked 
|  13|0x00000000a2500000, 0x00000000a2600000, 0x00000000a2600000|100%| O|  |TAMS 0x00000000a2500000, 0x00000000a2500000| Untracked 
|  14|0x00000000a2600000, 0x00000000a2700000, 0x00000000a2700000|100%| O|  |TAMS 0x00000000a2600000, 0x00000000a2600000| Untracked 
|  15|0x00000000a2700000, 0x00000000a272c400, 0x00000000a2800000| 17%| O|  |TAMS 0x00000000a2700000, 0x00000000a2700000| Untracked 
|  16|0x00000000a2800000, 0x00000000a2800000, 0x00000000a2900000|  0%| F|  |TAMS 0x00000000a2800000, 0x00000000a2800000| Untracked 
|  17|0x00000000a2900000, 0x00000000a2900000, 0x00000000a2a00000|  0%| F|  |TAMS 0x00000000a2900000, 0x00000000a2900000| Untracked 
|  18|0x00000000a2a00000, 0x00000000a2a00000, 0x00000000a2b00000|  0%| F|  |TAMS 0x00000000a2a00000, 0x00000000a2a00000| Untracked 
|  19|0x00000000a2b00000, 0x00000000a2b00000, 0x00000000a2c00000|  0%| F|  |TAMS 0x00000000a2b00000, 0x00000000a2b00000| Untracked 
|  20|0x00000000a2c00000, 0x00000000a2c00000, 0x00000000a2d00000|  0%| F|  |TAMS 0x00000000a2c00000, 0x00000000a2c00000| Untracked 
|  21|0x00000000a2d00000, 0x00000000a2d00000, 0x00000000a2e00000|  0%| F|  |TAMS 0x00000000a2d00000, 0x00000000a2d00000| Untracked 
|  22|0x00000000a2e00000, 0x00000000a2e00000, 0x00000000a2f00000|  0%| F|  |TAMS 0x00000000a2e00000, 0x00000000a2e00000| Untracked 
|  23|0x00000000a2f00000, 0x00000000a2f00000, 0x00000000a3000000|  0%| F|  |TAMS 0x00000000a2f00000, 0x00000000a2f00000| Untracked 
|  24|0x00000000a3000000, 0x00000000a3000000, 0x00000000a3100000|  0%| F|  |TAMS 0x00000000a3000000, 0x00000000a3000000| Untracked 
|  25|0x00000000a3100000, 0x00000000a3100000, 0x00000000a3200000|  0%| F|  |TAMS 0x00000000a3100000, 0x00000000a3100000| Untracked 
|  26|0x00000000a3200000, 0x00000000a3200000, 0x00000000a3300000|  0%| F|  |TAMS 0x00000000a3200000, 0x00000000a3200000| Untracked 
|  27|0x00000000a3300000, 0x00000000a3300000, 0x00000000a3400000|  0%| F|  |TAMS 0x00000000a3300000, 0x00000000a3300000| Untracked 
|  28|0x00000000a3400000, 0x00000000a3400000, 0x00000000a3500000|  0%| F|  |TAMS 0x00000000a3400000, 0x00000000a3400000| Untracked 
|  29|0x00000000a3500000, 0x00000000a3500000, 0x00000000a3600000|  0%| F|  |TAMS 0x00000000a3500000, 0x00000000a3500000| Untracked 
|  30|0x00000000a3600000, 0x00000000a3600000, 0x00000000a3700000|  0%| F|  |TAMS 0x00000000a3600000, 0x00000000a3600000| Untracked 
|  31|0x00000000a3700000, 0x00000000a3700000, 0x00000000a3800000|  0%| F|  |TAMS 0x00000000a3700000, 0x00000000a3700000| Untracked 
|  32|0x00000000a3800000, 0x00000000a3800000, 0x00000000a3900000|  0%| F|  |TAMS 0x00000000a3800000, 0x00000000a3800000| Untracked 
|  33|0x00000000a3900000, 0x00000000a3900000, 0x00000000a3a00000|  0%| F|  |TAMS 0x00000000a3900000, 0x00000000a3900000| Untracked 
|  34|0x00000000a3a00000, 0x00000000a3a00000, 0x00000000a3b00000|  0%| F|  |TAMS 0x00000000a3a00000, 0x00000000a3a00000| Untracked 
|  35|0x00000000a3b00000, 0x00000000a3b00000, 0x00000000a3c00000|  0%| F|  |TAMS 0x00000000a3b00000, 0x00000000a3b00000| Untracked 
|  36|0x00000000a3c00000, 0x00000000a3c00000, 0x00000000a3d00000|  0%| F|  |TAMS 0x00000000a3c00000, 0x00000000a3c00000| Untracked 
|  37|0x00000000a3d00000, 0x00000000a3d00000, 0x00000000a3e00000|  0%| F|  |TAMS 0x00000000a3d00000, 0x00000000a3d00000| Untracked 
|  38|0x00000000a3e00000, 0x00000000a3e00000, 0x00000000a3f00000|  0%| F|  |TAMS 0x00000000a3e00000, 0x00000000a3e00000| Untracked 
|  39|0x00000000a3f00000, 0x00000000a3f00000, 0x00000000a4000000|  0%| F|  |TAMS 0x00000000a3f00000, 0x00000000a3f00000| Untracked 
|  40|0x00000000a4000000, 0x00000000a4000000, 0x00000000a4100000|  0%| F|  |TAMS 0x00000000a4000000, 0x00000000a4000000| Untracked 
|  41|0x00000000a4100000, 0x00000000a4100000, 0x00000000a4200000|  0%| F|  |TAMS 0x00000000a4100000, 0x00000000a4100000| Untracked 
|  42|0x00000000a4200000, 0x00000000a4200000, 0x00000000a4300000|  0%| F|  |TAMS 0x00000000a4200000, 0x00000000a4200000| Untracked 
|  43|0x00000000a4300000, 0x00000000a4300000, 0x00000000a4400000|  0%| F|  |TAMS 0x00000000a4300000, 0x00000000a4300000| Untracked 
|  44|0x00000000a4400000, 0x00000000a4400000, 0x00000000a4500000|  0%| F|  |TAMS 0x00000000a4400000, 0x00000000a4400000| Untracked 
|  45|0x00000000a4500000, 0x00000000a4500000, 0x00000000a4600000|  0%| F|  |TAMS 0x00000000a4500000, 0x00000000a4500000| Untracked 
|  46|0x00000000a4600000, 0x00000000a4600000, 0x00000000a4700000|  0%| F|  |TAMS 0x00000000a4600000, 0x00000000a4600000| Untracked 
|  47|0x00000000a4700000, 0x00000000a4700000, 0x00000000a4800000|  0%| F|  |TAMS 0x00000000a4700000, 0x00000000a4700000| Untracked 
|  48|0x00000000a4800000, 0x00000000a4800000, 0x00000000a4900000|  0%| F|  |TAMS 0x00000000a4800000, 0x00000000a4800000| Untracked 
|  49|0x00000000a4900000, 0x00000000a4900000, 0x00000000a4a00000|  0%| F|  |TAMS 0x00000000a4900000, 0x00000000a4900000| Untracked 
|  50|0x00000000a4a00000, 0x00000000a4a00000, 0x00000000a4b00000|  0%| F|  |TAMS 0x00000000a4a00000, 0x00000000a4a00000| Untracked 
|  51|0x00000000a4b00000, 0x00000000a4b00000, 0x00000000a4c00000|  0%| F|  |TAMS 0x00000000a4b00000, 0x00000000a4b00000| Untracked 
|  52|0x00000000a4c00000, 0x00000000a4c00000, 0x00000000a4d00000|  0%| F|  |TAMS 0x00000000a4c00000, 0x00000000a4c00000| Untracked 
|  53|0x00000000a4d00000, 0x00000000a4d00000, 0x00000000a4e00000|  0%| F|  |TAMS 0x00000000a4d00000, 0x00000000a4d00000| Untracked 
|  54|0x00000000a4e00000, 0x00000000a4e00000, 0x00000000a4f00000|  0%| F|  |TAMS 0x00000000a4e00000, 0x00000000a4e00000| Untracked 
|  55|0x00000000a4f00000, 0x00000000a4f00000, 0x00000000a5000000|  0%| F|  |TAMS 0x00000000a4f00000, 0x00000000a4f00000| Untracked 
|  56|0x00000000a5000000, 0x00000000a5000000, 0x00000000a5100000|  0%| F|  |TAMS 0x00000000a5000000, 0x00000000a5000000| Untracked 
|  57|0x00000000a5100000, 0x00000000a5100000, 0x00000000a5200000|  0%| F|  |TAMS 0x00000000a5100000, 0x00000000a5100000| Untracked 
|  58|0x00000000a5200000, 0x00000000a5200000, 0x00000000a5300000|  0%| F|  |TAMS 0x00000000a5200000, 0x00000000a5200000| Untracked 
|  59|0x00000000a5300000, 0x00000000a5300000, 0x00000000a5400000|  0%| F|  |TAMS 0x00000000a5300000, 0x00000000a5300000| Untracked 
|  60|0x00000000a5400000, 0x00000000a5400000, 0x00000000a5500000|  0%| F|  |TAMS 0x00000000a5400000, 0x00000000a5400000| Untracked 
|  61|0x00000000a5500000, 0x00000000a5500000, 0x00000000a5600000|  0%| F|  |TAMS 0x00000000a5500000, 0x00000000a5500000| Untracked 
|  62|0x00000000a5600000, 0x00000000a5600000, 0x00000000a5700000|  0%| F|  |TAMS 0x00000000a5600000, 0x00000000a5600000| Untracked 
|  63|0x00000000a5700000, 0x00000000a5700000, 0x00000000a5800000|  0%| F|  |TAMS 0x00000000a5700000, 0x00000000a5700000| Untracked 
|  64|0x00000000a5800000, 0x00000000a5800000, 0x00000000a5900000|  0%| F|  |TAMS 0x00000000a5800000, 0x00000000a5800000| Untracked 
|  65|0x00000000a5900000, 0x00000000a5900000, 0x00000000a5a00000|  0%| F|  |TAMS 0x00000000a5900000, 0x00000000a5900000| Untracked 
|  66|0x00000000a5a00000, 0x00000000a5a00000, 0x00000000a5b00000|  0%| F|  |TAMS 0x00000000a5a00000, 0x00000000a5a00000| Untracked 
|  67|0x00000000a5b00000, 0x00000000a5b00000, 0x00000000a5c00000|  0%| F|  |TAMS 0x00000000a5b00000, 0x00000000a5b00000| Untracked 
|  68|0x00000000a5c00000, 0x00000000a5c00000, 0x00000000a5d00000|  0%| F|  |TAMS 0x00000000a5c00000, 0x00000000a5c00000| Untracked 
|  69|0x00000000a5d00000, 0x00000000a5d00000, 0x00000000a5e00000|  0%| F|  |TAMS 0x00000000a5d00000, 0x00000000a5d00000| Untracked 
|  70|0x00000000a5e00000, 0x00000000a5e00000, 0x00000000a5f00000|  0%| F|  |TAMS 0x00000000a5e00000, 0x00000000a5e00000| Untracked 
|  71|0x00000000a5f00000, 0x00000000a5f00000, 0x00000000a6000000|  0%| F|  |TAMS 0x00000000a5f00000, 0x00000000a5f00000| Untracked 
|  72|0x00000000a6000000, 0x00000000a6000000, 0x00000000a6100000|  0%| F|  |TAMS 0x00000000a6000000, 0x00000000a6000000| Untracked 
|  73|0x00000000a6100000, 0x00000000a6100000, 0x00000000a6200000|  0%| F|  |TAMS 0x00000000a6100000, 0x00000000a6100000| Untracked 
|  74|0x00000000a6200000, 0x00000000a6200000, 0x00000000a6300000|  0%| F|  |TAMS 0x00000000a6200000, 0x00000000a6200000| Untracked 
|  75|0x00000000a6300000, 0x00000000a6300000, 0x00000000a6400000|  0%| F|  |TAMS 0x00000000a6300000, 0x00000000a6300000| Untracked 
|  76|0x00000000a6400000, 0x00000000a6400000, 0x00000000a6500000|  0%| F|  |TAMS 0x00000000a6400000, 0x00000000a6400000| Untracked 
|  77|0x00000000a6500000, 0x00000000a6500000, 0x00000000a6600000|  0%| F|  |TAMS 0x00000000a6500000, 0x00000000a6500000| Untracked 
|  78|0x00000000a6600000, 0x00000000a6600000, 0x00000000a6700000|  0%| F|  |TAMS 0x00000000a6600000, 0x00000000a6600000| Untracked 
|  79|0x00000000a6700000, 0x00000000a6700000, 0x00000000a6800000|  0%| F|  |TAMS 0x00000000a6700000, 0x00000000a6700000| Untracked 
|  80|0x00000000a6800000, 0x00000000a6800000, 0x00000000a6900000|  0%| F|  |TAMS 0x00000000a6800000, 0x00000000a6800000| Untracked 
|  81|0x00000000a6900000, 0x00000000a6900000, 0x00000000a6a00000|  0%| F|  |TAMS 0x00000000a6900000, 0x00000000a6900000| Untracked 
|  82|0x00000000a6a00000, 0x00000000a6b00000, 0x00000000a6b00000|100%| E|  |TAMS 0x00000000a6a00000, 0x00000000a6a00000| Complete 
|  83|0x00000000a6b00000, 0x00000000a6c00000, 0x00000000a6c00000|100%| E|CS|TAMS 0x00000000a6b00000, 0x00000000a6b00000| Complete 
|  84|0x00000000a6c00000, 0x00000000a6d00000, 0x00000000a6d00000|100%| E|CS|TAMS 0x00000000a6c00000, 0x00000000a6c00000| Complete 
|  85|0x00000000a6d00000, 0x00000000a6e00000, 0x00000000a6e00000|100%| E|CS|TAMS 0x00000000a6d00000, 0x00000000a6d00000| Complete 
|  86|0x00000000a6e00000, 0x00000000a6f00000, 0x00000000a6f00000|100%| E|CS|TAMS 0x00000000a6e00000, 0x00000000a6e00000| Complete 
|  87|0x00000000a6f00000, 0x00000000a7000000, 0x00000000a7000000|100%| S|CS|TAMS 0x00000000a6f00000, 0x00000000a6f00000| Complete 
|  88|0x00000000a7000000, 0x00000000a7100000, 0x00000000a7100000|100%| S|CS|TAMS 0x00000000a7000000, 0x00000000a7000000| Complete 
|  89|0x00000000a7100000, 0x00000000a7200000, 0x00000000a7200000|100%| E|CS|TAMS 0x00000000a7100000, 0x00000000a7100000| Complete 
|  90|0x00000000a7200000, 0x00000000a7300000, 0x00000000a7300000|100%| E|CS|TAMS 0x00000000a7200000, 0x00000000a7200000| Complete 
|  91|0x00000000a7300000, 0x00000000a7400000, 0x00000000a7400000|100%| E|CS|TAMS 0x00000000a7300000, 0x00000000a7300000| Complete 
|  92|0x00000000a7400000, 0x00000000a7500000, 0x00000000a7500000|100%| E|CS|TAMS 0x00000000a7400000, 0x00000000a7400000| Complete 
|  93|0x00000000a7500000, 0x00000000a7600000, 0x00000000a7600000|100%| E|CS|TAMS 0x00000000a7500000, 0x00000000a7500000| Complete 
|  94|0x00000000a7600000, 0x00000000a7700000, 0x00000000a7700000|100%| E|CS|TAMS 0x00000000a7600000, 0x00000000a7600000| Complete 
|  95|0x00000000a7700000, 0x00000000a7800000, 0x00000000a7800000|100%| E|CS|TAMS 0x00000000a7700000, 0x00000000a7700000| Complete 

Card table byte_map: [0x000001f4fa3a0000,0x000001f4fa6a0000] _byte_map_base: 0x000001f4f9e94000

Marking Bits (Prev, Next): (CMBitMap*) 0x000001f4e0eb82f8, (CMBitMap*) 0x000001f4e0eb8330
 Prev Bits: [0x000001f4fa9a0000, 0x000001f4fc140000)
 Next Bits: [0x000001f4fc140000, 0x000001f4fd8e0000)

Polling page: 0x000001f4e0cb0000

Metaspace:

Usage:
  Non-class:     12.36 MB capacity,    12.09 MB ( 98%) used,   241.96 KB (  2%) free+waste,    32.56 KB ( <1%) overhead. 
      Class:      1.57 MB capacity,     1.42 MB ( 90%) used,   142.77 KB (  9%) free+waste,    16.06 KB ( <1%) overhead. 
       Both:     13.93 MB capacity,    13.51 MB ( 97%) used,   384.73 KB (  3%) free+waste,    48.63 KB ( <1%) overhead. 

Virtual space:
  Non-class space:       14.00 MB reserved,      12.50 MB ( 89%) committed 
      Class space:        1.00 GB reserved,       1.63 MB ( <1%) committed 
             Both:        1.01 GB reserved,      14.13 MB (  1%) committed 

Chunk freelists:
   Non-Class:  2.00 KB
       Class:  2.75 KB
        Both:  4.75 KB

CodeHeap 'non-profiled nmethods': size=238912Kb used=1860Kb max_used=1860Kb free=237051Kb
 bounds [0x000001f4eb130000, 0x000001f4eb3a0000, 0x000001f4f9a80000]
CodeHeap 'non-nmethods': size=6848Kb used=1105Kb max_used=1105Kb free=5742Kb
 bounds [0x000001f4eaa80000, 0x000001f4eacf0000, 0x000001f4eb130000]
 total_blobs=1705 nmethods=1276 adapters=340
 compilation: enabled
              stopped_count=0, restarted_count=0
 full_count=0

Compilation events (10 events):
Event: 1.972 Thread 0x000001f4fff08000 nmethod 1157 0x000001f4eb2c3610 code [0x000001f4eb2c37e0, 0x000001f4eb2c3a00]
Event: 1.972 Thread 0x000001f4fff08000 1158       1       java.lang.ref.SoftReference::<init> (14 bytes)
Event: 1.973 Thread 0x000001f4fff08000 nmethod 1158 0x000001f4eb2c3b90 code [0x000001f4eb2c3d40, 0x000001f4eb2c3f38]
Event: 1.973 Thread 0x000001f4fff08000 1159       1       sun.util.locale.LocaleObjectCache$CacheEntry::<init> (12 bytes)
Event: 1.973 Thread 0x000001f4fff08000 nmethod 1159 0x000001f4eb2c3f90 code [0x000001f4eb2c4140, 0x000001f4eb2c4398]
Event: 1.973 Thread 0x000001f4fff08000 1160       1       sun.util.locale.LocaleObjectCache::get (126 bytes)
Event: 1.974 Thread 0x000001f4fff08000 nmethod 1160 0x000001f4eb2c4410 code [0x000001f4eb2c4640, 0x000001f4eb2c4e90]
Event: 1.974 Thread 0x000001f4fff08000 1167       1       sun.util.locale.LocaleUtils::toLowerString (95 bytes)
Event: 1.976 Thread 0x000001f4fff08000 nmethod 1167 0x000001f4eb2c5190 code [0x000001f4eb2c53a0, 0x000001f4eb2c59f0]
Event: 1.976 Thread 0x000001f4fff08000 1171       1       sun.util.locale.BaseLocale$Key::hashCode (178 bytes)

GC Heap History (4 events):
Event: 1.127 GC heap before
{Heap before GC invocations=0 (full 0):
 garbage-first heap   total 98304K, used 14336K [0x00000000a1800000, 0x0000000100000000)
  region size 1024K, 14 young (14336K), 0 survivors (0K)
 Metaspace       used 6076K, capacity 6174K, committed 6272K, reserved 1056768K
  class space    used 538K, capacity 567K, committed 640K, reserved 1048576K
}
Event: 1.135 GC heap after
{Heap after GC invocations=1 (full 0):
 garbage-first heap   total 98304K, used 12045K [0x00000000a1800000, 0x0000000100000000)
  region size 1024K, 2 young (2048K), 2 survivors (2048K)
 Metaspace       used 6076K, capacity 6174K, committed 6272K, reserved 1056768K
  class space    used 538K, capacity 567K, committed 640K, reserved 1048576K
}
Event: 1.294 GC heap before
{Heap before GC invocations=1 (full 0):
 garbage-first heap   total 98304K, used 18189K [0x00000000a1800000, 0x0000000100000000)
  region size 1024K, 9 young (9216K), 2 survivors (2048K)
 Metaspace       used 8195K, capacity 8356K, committed 8576K, reserved 1056768K
  class space    used 796K, capacity 852K, committed 896K, reserved 1048576K
}
Event: 1.300 GC heap after
{Heap after GC invocations=2 (full 0):
 garbage-first heap   total 98304K, used 17585K [0x00000000a1800000, 0x0000000100000000)
  region size 1024K, 2 young (2048K), 2 survivors (2048K)
 Metaspace       used 8195K, capacity 8356K, committed 8576K, reserved 1056768K
  class space    used 796K, capacity 852K, committed 896K, reserved 1048576K
}

Deoptimization events (0 events):
No events

Classes redefined (0 events):
No events

Internal exceptions (10 events):
Event: 1.446 Thread 0x000001f4e0e81000 Exception <a 'java/lang/NoSuchMethodError'{0x00000000a757e318}: java.lang.invoke.DirectMethodHandle$Holder.invokeStaticInit(Ljava/lang/Object;IIII)Ljava/lang/Object;> (0x00000000a757e318) thrown at [./open/src/hotspot/share/interpreter/linkResolver.cpp, l
Event: 1.779 Thread 0x000001f4e0e81000 Exception <a 'java/lang/NoSuchMethodError'{0x00000000a75b2628}: java.lang.invoke.DirectMethodHandle$Holder.invokeStatic(Ljava/lang/Object;Ljava/lang/Object;IIII)Ljava/lang/Object;> (0x00000000a75b2628) thrown at [./open/src/hotspot/share/interpreter/linkR
Event: 1.779 Thread 0x000001f4e0e81000 Exception <a 'java/lang/NoSuchMethodError'{0x00000000a75b5970}: java.lang.invoke.DirectMethodHandle$Holder.invokeStaticInit(Ljava/lang/Object;Ljava/lang/Object;IIII)Ljava/lang/Object;> (0x00000000a75b5970) thrown at [./open/src/hotspot/share/interpreter/l
Event: 1.794 Thread 0x000001f4e0e81000 Exception <a 'java/lang/ClassNotFoundException'{0x00000000a75d2ed0}: javax/management/remote/rmi/RMIServerImpl_Skel> (0x00000000a75d2ed0) thrown at [./open/src/hotspot/share/classfile/systemDictionary.cpp, line 228]
Event: 1.849 Thread 0x000001f4e0e81000 Exception <a 'java/lang/ClassNotFoundException'{0x00000000a745b238}: jdk/internal/agent/resources/spi/agentProvider> (0x00000000a745b238) thrown at [./open/src/hotspot/share/classfile/systemDictionary.cpp, line 228]
Event: 1.860 Thread 0x000001f4e0e81000 Exception <a 'java/lang/NoSuchMethodError'{0x00000000a73125a8}: java.lang.invoke.DirectMethodHandle$Holder.invokeStatic(Ljava/lang/Object;Ljava/lang/Object;Ljava/lang/Object;Ljava/lang/Object;Ljava/lang/Object;Ljava/lang/Object;Ljava/lang/Object;Ljava/lan
Event: 1.861 Thread 0x000001f4e0e81000 Exception <a 'java/lang/NoSuchMethodError'{0x00000000a731edc8}: java.lang.invoke.DirectMethodHandle$Holder.invokeStatic(Ljava/lang/Object;Ljava/lang/Object;Ljava/lang/Object;Ljava/lang/Object;Ljava/lang/Object;Ljava/lang/Object;Ljava/lang/Object;Ljava/lan
Event: 1.864 Thread 0x000001f4e0e81000 Exception <a 'java/lang/NoSuchMethodError'{0x00000000a73388a0}: java.lang.invoke.DelegatingMethodHandle$Holder.reinvoke_L(Ljava/lang/Object;ILjava/lang/Object;)Ljava/lang/Object;> (0x00000000a73388a0) thrown at [./open/src/hotspot/share/interpreter/linkRe
Event: 1.920 Thread 0x000001f4e0e81000 Exception <a 'java/lang/ClassNotFoundException'{0x00000000a7149fa0}: javax/smartcardio/CardPermission> (0x00000000a7149fa0) thrown at [./open/src/hotspot/share/classfile/systemDictionary.cpp, line 228]
Event: 1.926 Thread 0x000001f4e0e81000 Exception <a 'java/io/FileNotFoundException'{0x00000000a71583a0}> (0x00000000a71583a0) thrown at [./open/src/hotspot/share/prims/jni.cpp, line 611]

Events (10 events):
Event: 1.967 loading class java/util/spi/TimeZoneNameProvider
Event: 1.967 loading class java/util/spi/TimeZoneNameProvider done
Event: 1.967 loading class sun/util/locale/provider/CalendarDataUtility$CalendarWeekParameterGetter
Event: 1.967 loading class sun/util/locale/provider/LocaleServiceProviderPool$LocalizedObjectGetter
Event: 1.967 loading class sun/util/locale/provider/LocaleServiceProviderPool$LocalizedObjectGetter done
Event: 1.967 loading class sun/util/locale/provider/CalendarDataUtility$CalendarWeekParameterGetter done
Event: 1.968 loading class sun/util/cldr/CLDRCalendarDataProviderImpl
Event: 1.968 loading class sun/util/locale/provider/CalendarDataProviderImpl
Event: 1.968 loading class sun/util/locale/provider/CalendarDataProviderImpl done
Event: 1.968 loading class sun/util/cldr/CLDRCalendarDataProviderImpl done


Dynamic libraries:
0x00007ff7a17f0000 - 0x00007ff7a1837000 	C:\Program Files\Java\jdk-11.0.7\bin\javaw.exe
0x00007ff9afe00000 - 0x00007ff9afff0000 	C:\WINDOWS\SYSTEM32\ntdll.dll
0x00007ff9af190000 - 0x00007ff9af242000 	C:\WINDOWS\System32\KERNEL32.DLL
0x00007ff9ad790000 - 0x00007ff9ada34000 	C:\WINDOWS\System32\KERNELBASE.dll
0x00007ff9adfb0000 - 0x00007ff9ae053000 	C:\WINDOWS\System32\ADVAPI32.dll
0x00007ff9ae2b0000 - 0x00007ff9ae34e000 	C:\WINDOWS\System32\msvcrt.dll
0x00007ff9af640000 - 0x00007ff9af6d7000 	C:\WINDOWS\System32\sechost.dll
0x00007ff9afa20000 - 0x00007ff9afb40000 	C:\WINDOWS\System32\RPCRT4.dll
0x00007ff9ae060000 - 0x00007ff9ae1f5000 	C:\WINDOWS\System32\USER32.dll
0x00007ff9ada40000 - 0x00007ff9ada61000 	C:\WINDOWS\System32\win32u.dll
0x00007ff9ae280000 - 0x00007ff9ae2a6000 	C:\WINDOWS\System32\GDI32.dll
0x00007ff9ad510000 - 0x00007ff9ad6a6000 	C:\WINDOWS\System32\gdi32full.dll
0x00007ff9adbe0000 - 0x00007ff9adc7e000 	C:\WINDOWS\System32\msvcp_win.dll
0x00007ff9adcb0000 - 0x00007ff9addaa000 	C:\WINDOWS\System32\ucrtbase.dll
0x00007ff9a36a0000 - 0x00007ff9a3924000 	C:\WINDOWS\WinSxS\amd64_microsoft.windows.common-controls_6595b64144ccf1df_6.0.18362.1016_none_9e7a36bbe461dae4\COMCTL32.dll
0x00007ff9af6e0000 - 0x00007ff9afa15000 	C:\WINDOWS\System32\combase.dll
0x00007ff9ad710000 - 0x00007ff9ad790000 	C:\WINDOWS\System32\bcryptPrimitives.dll
0x00007ff9a7690000 - 0x00007ff9a769a000 	C:\WINDOWS\SYSTEM32\VERSION.dll
0x00007ff9af160000 - 0x00007ff9af18e000 	C:\WINDOWS\System32\IMM32.DLL
0x00007ff9a2210000 - 0x00007ff9a2226000 	C:\Program Files\Java\jdk-11.0.7\bin\vcruntime140.dll
0x00007ff992e70000 - 0x00007ff992f1a000 	C:\Program Files\Java\jdk-11.0.7\bin\msvcp140.dll
0x00007ff973630000 - 0x00007ff974191000 	C:\Program Files\Java\jdk-11.0.7\bin\server\jvm.dll
0x00007ff9adfa0000 - 0x00007ff9adfa8000 	C:\WINDOWS\System32\PSAPI.DLL
0x00007ff999fc0000 - 0x00007ff999fc9000 	C:\WINDOWS\SYSTEM32\WSOCK32.dll
0x00007ff9af5d0000 - 0x00007ff9af63f000 	C:\WINDOWS\System32\WS2_32.dll
0x00007ff9aad50000 - 0x00007ff9aad74000 	C:\WINDOWS\SYSTEM32\WINMM.dll
0x00007ff9aad20000 - 0x00007ff9aad4d000 	C:\WINDOWS\SYSTEM32\WINMMBASE.dll
0x00007ff9ade60000 - 0x00007ff9adeaa000 	C:\WINDOWS\System32\cfgmgr32.dll
0x00007ff9acd10000 - 0x00007ff9acd21000 	C:\WINDOWS\System32\kernel.appcore.dll
0x00007ff9a21c0000 - 0x00007ff9a21d1000 	C:\Program Files\Java\jdk-11.0.7\bin\verify.dll
0x00007ff994560000 - 0x00007ff994754000 	C:\WINDOWS\SYSTEM32\DBGHELP.DLL
0x00007ff99d600000 - 0x00007ff99d62a000 	C:\WINDOWS\SYSTEM32\dbgcore.DLL
0x00007ff99c650000 - 0x00007ff99c679000 	C:\Program Files\Java\jdk-11.0.7\bin\java.dll
0x00007ff99d300000 - 0x00007ff99d30a000 	C:\Program Files\Java\jdk-11.0.7\bin\jimage.dll
0x00007ff99c630000 - 0x00007ff99c646000 	C:\Program Files\Java\jdk-11.0.7\bin\zip.dll
0x00007ff9ae8b0000 - 0x00007ff9aef97000 	C:\WINDOWS\System32\SHELL32.dll
0x00007ff9af520000 - 0x00007ff9af5c9000 	C:\WINDOWS\System32\shcore.dll
0x00007ff9acd80000 - 0x00007ff9ad502000 	C:\WINDOWS\System32\windows.storage.dll
0x00007ff9acd50000 - 0x00007ff9acd73000 	C:\WINDOWS\System32\profapi.dll
0x00007ff9accc0000 - 0x00007ff9acd0a000 	C:\WINDOWS\System32\powrprof.dll
0x00007ff9accb0000 - 0x00007ff9accc0000 	C:\WINDOWS\System32\UMPDC.dll
0x00007ff9aefb0000 - 0x00007ff9af002000 	C:\WINDOWS\System32\shlwapi.dll
0x00007ff9ada70000 - 0x00007ff9ada87000 	C:\WINDOWS\System32\cryptsp.dll
0x00007ff99c5d0000 - 0x00007ff99c5e9000 	C:\Program Files\Java\jdk-11.0.7\bin\net.dll
0x00007ff9a5f60000 - 0x00007ff9a6050000 	C:\WINDOWS\SYSTEM32\WINHTTP.dll
0x00007ff9ac4b0000 - 0x00007ff9ac517000 	C:\WINDOWS\system32\mswsock.dll
0x00007ff99adf0000 - 0x00007ff99ae03000 	C:\Program Files\Java\jdk-11.0.7\bin\nio.dll
0x00007ff99d2a0000 - 0x00007ff99d2a9000 	C:\Program Files\Java\jdk-11.0.7\bin\management.dll
0x00007ff99cf80000 - 0x00007ff99cf8c000 	C:\Program Files\Java\jdk-11.0.7\bin\management_ext.dll
0x00007ff99d2b0000 - 0x00007ff99d2c6000 	C:\WINDOWS\system32\napinsp.dll
0x00007ff99cfb0000 - 0x00007ff99cfca000 	C:\WINDOWS\system32\pnrpnsp.dll
0x00007ff9ac200000 - 0x00007ff9ac2cb000 	C:\WINDOWS\SYSTEM32\DNSAPI.dll
0x00007ff9af150000 - 0x00007ff9af158000 	C:\WINDOWS\System32\NSI.dll
0x00007ff9ac1c0000 - 0x00007ff9ac1fa000 	C:\WINDOWS\SYSTEM32\IPHLPAPI.DLL
0x00007ff9a9530000 - 0x00007ff9a953e000 	C:\WINDOWS\System32\winrnr.dll
0x00007ff9a8e50000 - 0x00007ff9a8e6c000 	C:\WINDOWS\system32\NLAapi.dll
0x00007ff9a5d80000 - 0x00007ff9a5d95000 	C:\WINDOWS\system32\wshbth.dll
0x00007ff9a6660000 - 0x00007ff9a666a000 	C:\Windows\System32\rasadhlp.dll
0x00007ff9a2d70000 - 0x00007ff9a2de7000 	C:\WINDOWS\System32\fwpuclnt.dll
0x00007ff9adc80000 - 0x00007ff9adca6000 	C:\WINDOWS\System32\bcrypt.dll
0x00007ff9ac020000 - 0x00007ff9ac053000 	C:\WINDOWS\system32\rsaenh.dll
0x00007ff9acba0000 - 0x00007ff9acbc5000 	C:\WINDOWS\SYSTEM32\USERENV.dll
0x00007ff9ac680000 - 0x00007ff9ac68c000 	C:\WINDOWS\SYSTEM32\CRYPTBASE.dll
0x00007ff9a4020000 - 0x00007ff9a4036000 	C:\WINDOWS\SYSTEM32\dhcpcsvc6.DLL
0x00007ff9a4170000 - 0x00007ff9a418c000 	C:\WINDOWS\SYSTEM32\dhcpcsvc.DLL

dbghelp: loaded successfully - version: 4.0.5 - missing functions: none
symbol engine: initialized successfully - sym options: 0x614 - pdb path: .;C:\Program Files\Java\jdk-11.0.7\bin;C:\WINDOWS\SYSTEM32;C:\WINDOWS\WinSxS\amd64_microsoft.windows.common-controls_6595b64144ccf1df_6.0.18362.1016_none_9e7a36bbe461dae4;C:\Program Files\Java\jdk-11.0.7\bin\server

VM Arguments:
jvm_args: -Dcom.sun.management.jmxremote -Dcom.sun.management.jmxremote.port=54670 -Dcom.sun.management.jmxremote.authenticate=false -Dcom.sun.management.jmxremote.ssl=false -Djava.rmi.server.hostname=localhost -Dspring.jmx.enabled=true -Dspring.application.admin.enabled=true -Xverify:none -XX:TieredStopAtLevel=1 -Dspring.boot.project.name=Loja -Dfile.encoding=UTF-8 
java_command: com.josevitor.loja.LojaApplication --spring.output.ansi.enabled=always
java_class_path (initial): C:\Users\jose_vitor\Desktop\Workspace_Spring\Loja\target\classes;C:\Users\jose_vitor\.m2\repository\org\springframework\boot\spring-boot-starter-web\2.3.0.RELEASE\spring-boot-starter-web-2.3.0.RELEASE.jar;C:\Users\jose_vitor\.m2\repository\org\springframework\boot\spring-boot-starter\2.3.0.RELEASE\spring-boot-starter-2.3.0.RELEASE.jar;C:\Users\jose_vitor\.m2\repository\org\springframework\boot\spring-boot-starter-logging\2.3.0.RELEASE\spring-boot-starter-logging-2.3.0.RELEASE.jar;C:\Users\jose_vitor\.m2\repository\ch\qos\logback\logback-classic\1.2.3\logback-classic-1.2.3.jar;C:\Users\jose_vitor\.m2\repository\ch\qos\logback\logback-core\1.2.3\logback-core-1.2.3.jar;C:\Users\jose_vitor\.m2\repository\org\apache\logging\log4j\log4j-to-slf4j\2.13.2\log4j-to-slf4j-2.13.2.jar;C:\Users\jose_vitor\.m2\repository\org\apache\logging\log4j\log4j-api\2.13.2\log4j-api-2.13.2.jar;C:\Users\jose_vitor\.m2\repository\org\slf4j\jul-to-slf4j\1.7.30\jul-to-slf4j-1.7.30.jar;C:\Users\jose_vitor\.m2\repository\jakarta\annotation\jakarta.annotation-api\1.3.5\jakarta.annotation-api-1.3.5.jar;C:\Users\jose_vitor\.m2\repository\org\yaml\snakeyaml\1.26\snakeyaml-1.26.jar;C:\Users\jose_vitor\.m2\repository\org\springframework\boot\spring-boot-starter-json\2.3.0.RELEASE\spring-boot-starter-json-2.3.0.RELEASE.jar;C:\Users\jose_vitor\.m2\repository\com\fasterxml\jackson\datatype\jackson-datatype-jdk8\2.11.0\jackson-datatype-jdk8-2.11.0.jar;C:\Users\jose_vitor\.m2\repository\com\fasterxml\jackson\datatype\jackson-datatype-jsr310\2.11.0\jackson-datatype-jsr310-2.11.0.jar;C:\Users\jose_vitor\.m2\repository\com\fasterxml\jackson\module\jackson-module-parameter-names\2.11.0\jackson-module-parameter-names-2.11.0.jar;C:\Users\jose_vitor\.m2\repository\org\springframework\boot\spring-boot-starter-tomcat\2.3.0.RELEASE\spring-boot-starter-tomcat-2.3.0.RELEASE.jar;C:\Users\jose_vitor\.m2\repository\org\apache\tomcat\embed\tomcat-embed-core\9.0.35\tomcat-embed-core-9.0.35.jar;C:
Launcher Type: SUN_STANDARD

[Global flags]
     bool BytecodeVerificationLocal                = false                                     {product} {command line}
     bool BytecodeVerificationRemote               = false                                     {product} {command line}
     intx CICompilerCount                          = 3                                         {product} {ergonomic}
     uint ConcGCThreads                            = 1                                         {product} {ergonomic}
     uint G1ConcRefinementThreads                  = 4                                         {product} {ergonomic}
   size_t G1HeapRegionSize                         = 1048576                                   {product} {ergonomic}
    uintx GCDrainStackTargetSize                   = 64                                        {product} {ergonomic}
   size_t InitialHeapSize                          = 100663296                                 {product} {ergonomic}
     bool ManagementServer                         = true                                      {product} {command line}
   size_t MarkStackSize                            = 4194304                                   {product} {ergonomic}
   size_t MaxHeapSize                              = 1585446912                                {product} {ergonomic}
   size_t MaxNewSize                               = 951058432                                 {product} {ergonomic}
   size_t MinHeapDeltaBytes                        = 1048576                                   {product} {ergonomic}
    uintx NonNMethodCodeHeapSize                   = 6973028                                {pd product} {ergonomic}
    uintx NonProfiledCodeHeapSize                  = 244685212                              {pd product} {ergonomic}
    uintx ProfiledCodeHeapSize                     = 0                                      {pd product} {ergonomic}
    uintx ReservedCodeCacheSize                    = 251658240                              {pd product} {ergonomic}
     bool SegmentedCodeCache                       = true                                      {product} {ergonomic}
     intx TieredStopAtLevel                        = 1                                         {product} {command line}
     bool UseCompressedClassPointers               = true                                 {lp64_product} {ergonomic}
     bool UseCompressedOops                        = true                                 {lp64_product} {ergonomic}
     bool UseG1GC                                  = true                                      {product} {ergonomic}
     bool UseLargePagesIndividualAllocation        = false                                  {pd product} {ergonomic}

Logging:
Log output configuration:
 #0: stdout all=warning uptime,level,tags
 #1: stderr all=off uptime,level,tags

Environment Variables:
JAVA_HOME=C:\Program Files\Java\jdk-11.0.7
PATH=C:/Program Files/Java/jre1.8.0_111/bin/server;C:/Program Files/Java/jre1.8.0_111/bin;C:/Program Files/Java/jre1.8.0_111/lib/amd64;C:\ProgramData\Oracle\Java\javapath;C:\WINDOWS\system32;C:\WINDOWS;C:\WINDOWS\System32\Wbem;C:\WINDOWS\System32\WindowsPowerShell\v1.0\;C:\WINDOWS\System32\OpenSSH\;C:\Program Files\Git\cmd;C:\Program Files\Microsoft SQL Server\130\Tools\Binn\;C:\Program Files\Microsoft SQL Server\Client SDK\ODBC\170\Tools\Binn\;C:\Program Files\dotnet\;C:\Program Files\Java\jdk-11.0.7\bin;C:\Program Files\MySQL\MySQL Shell 8.0\bin\;C:\Users\jose_vitor\AppData\Local\Microsoft\WindowsApps;C:\Users\jose_vitor\AppData\Local\GitHubDesktop\bin;C:\Program Files\Java\jdk-11.0.7\bin;;C:\Users\jose_vitor\Desktop\sts-4.6.2.RELEASE;
USERNAME=jose_vitor
OS=Windows_NT
PROCESSOR_IDENTIFIER=Intel64 Family 6 Model 58 Stepping 9, GenuineIntel



---------------  S Y S T E M  ---------------

OS: Windows 10 , 64 bit Build 18362 (10.0.18362.959)

CPU:total 4 (initial active 4) (2 cores per cpu, 2 threads per core) family 6 model 58 stepping 9, cmov, cx8, fxsr, mmx, sse, sse2, sse3, ssse3, sse4.1, sse4.2, popcnt, avx, aes, clmul, erms, ht, tsc, tscinvbit, tscinv

Memory: 4k page, system-wide physical 6041M (812M free)
TotalPageFile size 7714M (AvailPageFile size 1471M)
current process WorkingSet (physical memory assigned to process): 81M, peak: 81M
current process commit charge ("private bytes"): 187M, peak: 187M

vm_info: Java HotSpot(TM) 64-Bit Server VM (11.0.7+8-LTS) for windows-amd64 JRE (11.0.7+8-LTS), built on Mar 12 2020 02:04:32 by "mach5one" with MS VC++ 15.5 (VS2017)

END.
